{"C:\\Users\\carlo\\OneDrive\\Documentos\\Projetos\\Barber\\Barber-Api\\src\\controllers\\beard-contours-controller.js": {"path":"C:\\Users\\carlo\\OneDrive\\Documentos\\Projetos\\Barber\\Barber-Api\\src\\controllers\\beard-contours-controller.js","statementMap":{"0":{"start":{"line":2,"column":29},"end":{"line":2,"column":57}},"1":{"start":{"line":7,"column":4},"end":{"line":7,"column":44}},"2":{"start":{"line":8,"column":19},"end":{"line":8,"column":74}},"3":{"start":{"line":11,"column":0},"end":{"line":61,"column":2}},"4":{"start":{"line":12,"column":1},"end":{"line":60,"column":2}},"5":{"start":{"line":14,"column":2},"end":{"line":18,"column":3}},"6":{"start":{"line":15,"column":3},"end":{"line":17,"column":64}},"7":{"start":{"line":21,"column":31},"end":{"line":21,"column":57}},"8":{"start":{"line":24,"column":13},"end":{"line":24,"column":17}},"9":{"start":{"line":25,"column":2},"end":{"line":38,"column":3}},"10":{"start":{"line":26,"column":21},"end":{"line":26,"column":60}},"11":{"start":{"line":27,"column":17},"end":{"line":29,"column":4}},"12":{"start":{"line":28,"column":11},"end":{"line":28,"column":59}},"13":{"start":{"line":31,"column":3},"end":{"line":35,"column":4}},"14":{"start":{"line":32,"column":4},"end":{"line":32,"column":47}},"15":{"start":{"line":34,"column":4},"end":{"line":34,"column":29}},"16":{"start":{"line":37,"column":3},"end":{"line":37,"column":28}},"17":{"start":{"line":41,"column":17},"end":{"line":51,"column":3}},"18":{"start":{"line":53,"column":15},"end":{"line":53,"column":46}},"19":{"start":{"line":54,"column":2},"end":{"line":54,"column":68}},"20":{"start":{"line":56,"column":2},"end":{"line":56,"column":21}},"21":{"start":{"line":57,"column":2},"end":{"line":59,"column":68}},"22":{"start":{"line":64,"column":0},"end":{"line":74,"column":2}},"23":{"start":{"line":65,"column":1},"end":{"line":73,"column":2}},"24":{"start":{"line":66,"column":15},"end":{"line":66,"column":37}},"25":{"start":{"line":68,"column":2},"end":{"line":68,"column":29}},"26":{"start":{"line":70,"column":2},"end":{"line":72,"column":70}},"27":{"start":{"line":77,"column":0},"end":{"line":89,"column":2}},"28":{"start":{"line":78,"column":1},"end":{"line":88,"column":2}},"29":{"start":{"line":79,"column":15},"end":{"line":79,"column":54}},"30":{"start":{"line":80,"column":2},"end":{"line":82,"column":3}},"31":{"start":{"line":81,"column":3},"end":{"line":81,"column":67}},"32":{"start":{"line":83,"column":2},"end":{"line":83,"column":29}},"33":{"start":{"line":85,"column":2},"end":{"line":87,"column":67}},"34":{"start":{"line":92,"column":0},"end":{"line":154,"column":2}},"35":{"start":{"line":93,"column":1},"end":{"line":153,"column":2}},"36":{"start":{"line":94,"column":13},"end":{"line":94,"column":26}},"37":{"start":{"line":95,"column":22},"end":{"line":95,"column":50}},"38":{"start":{"line":97,"column":2},"end":{"line":101,"column":3}},"39":{"start":{"line":98,"column":3},"end":{"line":100,"column":63}},"40":{"start":{"line":103,"column":19},"end":{"line":107,"column":3}},"41":{"start":{"line":110,"column":2},"end":{"line":134,"column":3}},"42":{"start":{"line":111,"column":24},"end":{"line":111,"column":50}},"43":{"start":{"line":114,"column":14},"end":{"line":114,"column":31}},"44":{"start":{"line":115,"column":3},"end":{"line":121,"column":17}},"45":{"start":{"line":116,"column":22},"end":{"line":116,"column":61}},"46":{"start":{"line":117,"column":18},"end":{"line":119,"column":5}},"47":{"start":{"line":118,"column":12},"end":{"line":118,"column":60}},"48":{"start":{"line":120,"column":4},"end":{"line":120,"column":58}},"49":{"start":{"line":120,"column":15},"end":{"line":120,"column":58}},"50":{"start":{"line":124,"column":3},"end":{"line":128,"column":5}},"51":{"start":{"line":131,"column":3},"end":{"line":133,"column":4}},"52":{"start":{"line":132,"column":4},"end":{"line":132,"column":53}},"53":{"start":{"line":137,"column":2},"end":{"line":139,"column":4}},"54":{"start":{"line":138,"column":12},"end":{"line":138,"column":67}},"55":{"start":{"line":141,"column":2},"end":{"line":141,"column":42}},"56":{"start":{"line":144,"column":22},"end":{"line":144,"column":50}},"57":{"start":{"line":145,"column":2},"end":{"line":147,"column":72}},"58":{"start":{"line":149,"column":2},"end":{"line":149,"column":21}},"59":{"start":{"line":150,"column":2},"end":{"line":152,"column":70}},"60":{"start":{"line":157,"column":0},"end":{"line":177,"column":2}},"61":{"start":{"line":158,"column":1},"end":{"line":176,"column":2}},"62":{"start":{"line":159,"column":13},"end":{"line":159,"column":26}},"63":{"start":{"line":160,"column":22},"end":{"line":160,"column":49}},"64":{"start":{"line":162,"column":2},"end":{"line":164,"column":3}},"65":{"start":{"line":163,"column":3},"end":{"line":163,"column":67}},"66":{"start":{"line":167,"column":2},"end":{"line":169,"column":3}},"67":{"start":{"line":168,"column":3},"end":{"line":168,"column":52}},"68":{"start":{"line":171,"column":2},"end":{"line":171,"column":65}},"69":{"start":{"line":173,"column":2},"end":{"line":175,"column":68}},"70":{"start":{"line":180,"column":0},"end":{"line":193,"column":2}},"71":{"start":{"line":181,"column":1},"end":{"line":192,"column":2}},"72":{"start":{"line":183,"column":19},"end":{"line":183,"column":61}},"73":{"start":{"line":184,"column":2},"end":{"line":186,"column":3}},"74":{"start":{"line":185,"column":3},"end":{"line":185,"column":70}},"75":{"start":{"line":187,"column":2},"end":{"line":187,"column":71}},"76":{"start":{"line":189,"column":2},"end":{"line":191,"column":63}}},"fnMap":{"0":{"name":"(anonymous_0)","decl":{"start":{"line":11,"column":21},"end":{"line":11,"column":22}},"loc":{"start":{"line":11,"column":41},"end":{"line":61,"column":1}},"line":11},"1":{"name":"(anonymous_1)","decl":{"start":{"line":28,"column":4},"end":{"line":28,"column":5}},"loc":{"start":{"line":28,"column":11},"end":{"line":28,"column":59}},"line":28},"2":{"name":"(anonymous_2)","decl":{"start":{"line":64,"column":22},"end":{"line":64,"column":23}},"loc":{"start":{"line":64,"column":42},"end":{"line":74,"column":1}},"line":64},"3":{"name":"(anonymous_3)","decl":{"start":{"line":77,"column":18},"end":{"line":77,"column":19}},"loc":{"start":{"line":77,"column":38},"end":{"line":89,"column":1}},"line":77},"4":{"name":"(anonymous_4)","decl":{"start":{"line":92,"column":17},"end":{"line":92,"column":18}},"loc":{"start":{"line":92,"column":37},"end":{"line":154,"column":1}},"line":92},"5":{"name":"(anonymous_5)","decl":{"start":{"line":118,"column":5},"end":{"line":118,"column":6}},"loc":{"start":{"line":118,"column":12},"end":{"line":118,"column":60}},"line":118},"6":{"name":"(anonymous_6)","decl":{"start":{"line":138,"column":3},"end":{"line":138,"column":4}},"loc":{"start":{"line":138,"column":12},"end":{"line":138,"column":67}},"line":138},"7":{"name":"(anonymous_7)","decl":{"start":{"line":157,"column":17},"end":{"line":157,"column":18}},"loc":{"start":{"line":157,"column":37},"end":{"line":177,"column":1}},"line":157},"8":{"name":"(anonymous_8)","decl":{"start":{"line":180,"column":20},"end":{"line":180,"column":21}},"loc":{"start":{"line":180,"column":40},"end":{"line":193,"column":1}},"line":180}},"branchMap":{"0":{"loc":{"start":{"line":14,"column":2},"end":{"line":18,"column":3}},"type":"if","locations":[{"start":{"line":14,"column":2},"end":{"line":18,"column":3}},{"start":{},"end":{}}],"line":14},"1":{"loc":{"start":{"line":28,"column":11},"end":{"line":28,"column":59}},"type":"binary-expr","locations":[{"start":{"line":28,"column":11},"end":{"line":28,"column":33}},{"start":{"line":28,"column":37},"end":{"line":28,"column":59}}],"line":28},"2":{"loc":{"start":{"line":31,"column":3},"end":{"line":35,"column":4}},"type":"if","locations":[{"start":{"line":31,"column":3},"end":{"line":35,"column":4}},{"start":{"line":33,"column":10},"end":{"line":35,"column":4}}],"line":31},"3":{"loc":{"start":{"line":80,"column":2},"end":{"line":82,"column":3}},"type":"if","locations":[{"start":{"line":80,"column":2},"end":{"line":82,"column":3}},{"start":{},"end":{}}],"line":80},"4":{"loc":{"start":{"line":97,"column":2},"end":{"line":101,"column":3}},"type":"if","locations":[{"start":{"line":97,"column":2},"end":{"line":101,"column":3}},{"start":{},"end":{}}],"line":97},"5":{"loc":{"start":{"line":110,"column":2},"end":{"line":134,"column":3}},"type":"if","locations":[{"start":{"line":110,"column":2},"end":{"line":134,"column":3}},{"start":{},"end":{}}],"line":110},"6":{"loc":{"start":{"line":118,"column":12},"end":{"line":118,"column":60}},"type":"binary-expr","locations":[{"start":{"line":118,"column":12},"end":{"line":118,"column":34}},{"start":{"line":118,"column":38},"end":{"line":118,"column":60}}],"line":118},"7":{"loc":{"start":{"line":120,"column":4},"end":{"line":120,"column":58}},"type":"if","locations":[{"start":{"line":120,"column":4},"end":{"line":120,"column":58}},{"start":{},"end":{}}],"line":120},"8":{"loc":{"start":{"line":131,"column":3},"end":{"line":133,"column":4}},"type":"if","locations":[{"start":{"line":131,"column":3},"end":{"line":133,"column":4}},{"start":{},"end":{}}],"line":131},"9":{"loc":{"start":{"line":131,"column":7},"end":{"line":131,"column":63}},"type":"binary-expr","locations":[{"start":{"line":131,"column":7},"end":{"line":131,"column":31}},{"start":{"line":131,"column":35},"end":{"line":131,"column":63}}],"line":131},"10":{"loc":{"start":{"line":138,"column":12},"end":{"line":138,"column":67}},"type":"binary-expr","locations":[{"start":{"line":138,"column":12},"end":{"line":138,"column":41}},{"start":{"line":138,"column":45},"end":{"line":138,"column":67}}],"line":138},"11":{"loc":{"start":{"line":162,"column":2},"end":{"line":164,"column":3}},"type":"if","locations":[{"start":{"line":162,"column":2},"end":{"line":164,"column":3}},{"start":{},"end":{}}],"line":162},"12":{"loc":{"start":{"line":167,"column":2},"end":{"line":169,"column":3}},"type":"if","locations":[{"start":{"line":167,"column":2},"end":{"line":169,"column":3}},{"start":{},"end":{}}],"line":167},"13":{"loc":{"start":{"line":167,"column":6},"end":{"line":167,"column":62}},"type":"binary-expr","locations":[{"start":{"line":167,"column":6},"end":{"line":167,"column":30}},{"start":{"line":167,"column":34},"end":{"line":167,"column":62}}],"line":167},"14":{"loc":{"start":{"line":184,"column":2},"end":{"line":186,"column":3}},"type":"if","locations":[{"start":{"line":184,"column":2},"end":{"line":186,"column":3}},{"start":{},"end":{}}],"line":184}},"s":{"0":0,"1":0,"2":0,"3":0,"4":0,"5":0,"6":0,"7":0,"8":0,"9":0,"10":0,"11":0,"12":0,"13":0,"14":0,"15":0,"16":0,"17":0,"18":0,"19":0,"20":0,"21":0,"22":0,"23":0,"24":0,"25":0,"26":0,"27":0,"28":0,"29":0,"30":0,"31":0,"32":0,"33":0,"34":0,"35":0,"36":0,"37":0,"38":0,"39":0,"40":0,"41":0,"42":0,"43":0,"44":0,"45":0,"46":0,"47":0,"48":0,"49":0,"50":0,"51":0,"52":0,"53":0,"54":0,"55":0,"56":0,"57":0,"58":0,"59":0,"60":0,"61":0,"62":0,"63":0,"64":0,"65":0,"66":0,"67":0,"68":0,"69":0,"70":0,"71":0,"72":0,"73":0,"74":0,"75":0,"76":0},"f":{"0":0,"1":0,"2":0,"3":0,"4":0,"5":0,"6":0,"7":0,"8":0},"b":{"0":[0,0],"1":[0,0],"2":[0,0],"3":[0,0],"4":[0,0],"5":[0,0],"6":[0,0],"7":[0,0],"8":[0,0],"9":[0,0],"10":[0,0],"11":[0,0],"12":[0,0],"13":[0,0],"14":[0,0]}}
,"C:\\Users\\carlo\\OneDrive\\Documentos\\Projetos\\Barber\\Barber-Api\\src\\controllers\\beard-controller.js": {"path":"C:\\Users\\carlo\\OneDrive\\Documentos\\Projetos\\Barber\\Barber-Api\\src\\controllers\\beard-controller.js","statementMap":{"0":{"start":{"line":2,"column":29},"end":{"line":2,"column":57}},"1":{"start":{"line":7,"column":4},"end":{"line":7,"column":44}},"2":{"start":{"line":8,"column":19},"end":{"line":8,"column":65}},"3":{"start":{"line":11,"column":0},"end":{"line":52,"column":2}},"4":{"start":{"line":12,"column":1},"end":{"line":51,"column":2}},"5":{"start":{"line":13,"column":2},"end":{"line":17,"column":3}},"6":{"start":{"line":14,"column":3},"end":{"line":16,"column":64}},"7":{"start":{"line":19,"column":31},"end":{"line":19,"column":57}},"8":{"start":{"line":22,"column":13},"end":{"line":22,"column":30}},"9":{"start":{"line":23,"column":2},"end":{"line":29,"column":16}},"10":{"start":{"line":24,"column":21},"end":{"line":24,"column":60}},"11":{"start":{"line":25,"column":17},"end":{"line":27,"column":4}},"12":{"start":{"line":26,"column":11},"end":{"line":26,"column":59}},"13":{"start":{"line":28,"column":3},"end":{"line":28,"column":57}},"14":{"start":{"line":28,"column":14},"end":{"line":28,"column":57}},"15":{"start":{"line":31,"column":17},"end":{"line":42,"column":3}},"16":{"start":{"line":44,"column":15},"end":{"line":44,"column":46}},"17":{"start":{"line":45,"column":2},"end":{"line":45,"column":68}},"18":{"start":{"line":47,"column":2},"end":{"line":47,"column":21}},"19":{"start":{"line":48,"column":2},"end":{"line":50,"column":68}},"20":{"start":{"line":55,"column":0},"end":{"line":64,"column":2}},"21":{"start":{"line":56,"column":1},"end":{"line":63,"column":2}},"22":{"start":{"line":57,"column":15},"end":{"line":57,"column":37}},"23":{"start":{"line":58,"column":2},"end":{"line":58,"column":29}},"24":{"start":{"line":60,"column":2},"end":{"line":62,"column":70}},"25":{"start":{"line":67,"column":0},"end":{"line":79,"column":2}},"26":{"start":{"line":68,"column":1},"end":{"line":78,"column":2}},"27":{"start":{"line":69,"column":15},"end":{"line":69,"column":54}},"28":{"start":{"line":70,"column":2},"end":{"line":72,"column":3}},"29":{"start":{"line":71,"column":3},"end":{"line":71,"column":67}},"30":{"start":{"line":73,"column":2},"end":{"line":73,"column":29}},"31":{"start":{"line":75,"column":2},"end":{"line":77,"column":67}},"32":{"start":{"line":82,"column":0},"end":{"line":139,"column":2}},"33":{"start":{"line":83,"column":1},"end":{"line":138,"column":2}},"34":{"start":{"line":84,"column":13},"end":{"line":84,"column":26}},"35":{"start":{"line":85,"column":22},"end":{"line":85,"column":50}},"36":{"start":{"line":87,"column":2},"end":{"line":91,"column":3}},"37":{"start":{"line":88,"column":3},"end":{"line":90,"column":63}},"38":{"start":{"line":93,"column":19},"end":{"line":98,"column":3}},"39":{"start":{"line":100,"column":2},"end":{"line":121,"column":3}},"40":{"start":{"line":101,"column":24},"end":{"line":101,"column":50}},"41":{"start":{"line":103,"column":14},"end":{"line":103,"column":31}},"42":{"start":{"line":104,"column":3},"end":{"line":110,"column":17}},"43":{"start":{"line":105,"column":22},"end":{"line":105,"column":61}},"44":{"start":{"line":106,"column":18},"end":{"line":108,"column":5}},"45":{"start":{"line":107,"column":12},"end":{"line":107,"column":60}},"46":{"start":{"line":109,"column":4},"end":{"line":109,"column":58}},"47":{"start":{"line":109,"column":15},"end":{"line":109,"column":58}},"48":{"start":{"line":112,"column":3},"end":{"line":116,"column":5}},"49":{"start":{"line":118,"column":3},"end":{"line":120,"column":4}},"50":{"start":{"line":119,"column":4},"end":{"line":119,"column":53}},"51":{"start":{"line":123,"column":2},"end":{"line":125,"column":4}},"52":{"start":{"line":124,"column":12},"end":{"line":124,"column":67}},"53":{"start":{"line":127,"column":2},"end":{"line":127,"column":42}},"54":{"start":{"line":129,"column":22},"end":{"line":129,"column":50}},"55":{"start":{"line":130,"column":2},"end":{"line":132,"column":72}},"56":{"start":{"line":134,"column":2},"end":{"line":134,"column":21}},"57":{"start":{"line":135,"column":2},"end":{"line":137,"column":70}},"58":{"start":{"line":142,"column":0},"end":{"line":161,"column":2}},"59":{"start":{"line":143,"column":1},"end":{"line":160,"column":2}},"60":{"start":{"line":144,"column":13},"end":{"line":144,"column":26}},"61":{"start":{"line":145,"column":22},"end":{"line":145,"column":49}},"62":{"start":{"line":147,"column":2},"end":{"line":149,"column":3}},"63":{"start":{"line":148,"column":3},"end":{"line":148,"column":67}},"64":{"start":{"line":151,"column":2},"end":{"line":153,"column":3}},"65":{"start":{"line":152,"column":3},"end":{"line":152,"column":52}},"66":{"start":{"line":155,"column":2},"end":{"line":155,"column":65}},"67":{"start":{"line":157,"column":2},"end":{"line":159,"column":68}},"68":{"start":{"line":163,"column":0},"end":{"line":175,"column":2}},"69":{"start":{"line":164,"column":1},"end":{"line":174,"column":2}},"70":{"start":{"line":165,"column":19},"end":{"line":165,"column":60}},"71":{"start":{"line":166,"column":2},"end":{"line":168,"column":3}},"72":{"start":{"line":167,"column":3},"end":{"line":167,"column":70}},"73":{"start":{"line":169,"column":2},"end":{"line":169,"column":71}},"74":{"start":{"line":171,"column":2},"end":{"line":173,"column":63}}},"fnMap":{"0":{"name":"(anonymous_0)","decl":{"start":{"line":11,"column":21},"end":{"line":11,"column":22}},"loc":{"start":{"line":11,"column":41},"end":{"line":52,"column":1}},"line":11},"1":{"name":"(anonymous_1)","decl":{"start":{"line":26,"column":4},"end":{"line":26,"column":5}},"loc":{"start":{"line":26,"column":11},"end":{"line":26,"column":59}},"line":26},"2":{"name":"(anonymous_2)","decl":{"start":{"line":55,"column":22},"end":{"line":55,"column":23}},"loc":{"start":{"line":55,"column":42},"end":{"line":64,"column":1}},"line":55},"3":{"name":"(anonymous_3)","decl":{"start":{"line":67,"column":18},"end":{"line":67,"column":19}},"loc":{"start":{"line":67,"column":38},"end":{"line":79,"column":1}},"line":67},"4":{"name":"(anonymous_4)","decl":{"start":{"line":82,"column":17},"end":{"line":82,"column":18}},"loc":{"start":{"line":82,"column":37},"end":{"line":139,"column":1}},"line":82},"5":{"name":"(anonymous_5)","decl":{"start":{"line":107,"column":5},"end":{"line":107,"column":6}},"loc":{"start":{"line":107,"column":12},"end":{"line":107,"column":60}},"line":107},"6":{"name":"(anonymous_6)","decl":{"start":{"line":124,"column":3},"end":{"line":124,"column":4}},"loc":{"start":{"line":124,"column":12},"end":{"line":124,"column":67}},"line":124},"7":{"name":"(anonymous_7)","decl":{"start":{"line":142,"column":17},"end":{"line":142,"column":18}},"loc":{"start":{"line":142,"column":37},"end":{"line":161,"column":1}},"line":142},"8":{"name":"(anonymous_8)","decl":{"start":{"line":163,"column":20},"end":{"line":163,"column":21}},"loc":{"start":{"line":163,"column":40},"end":{"line":175,"column":1}},"line":163}},"branchMap":{"0":{"loc":{"start":{"line":13,"column":2},"end":{"line":17,"column":3}},"type":"if","locations":[{"start":{"line":13,"column":2},"end":{"line":17,"column":3}},{"start":{},"end":{}}],"line":13},"1":{"loc":{"start":{"line":26,"column":11},"end":{"line":26,"column":59}},"type":"binary-expr","locations":[{"start":{"line":26,"column":11},"end":{"line":26,"column":33}},{"start":{"line":26,"column":37},"end":{"line":26,"column":59}}],"line":26},"2":{"loc":{"start":{"line":28,"column":3},"end":{"line":28,"column":57}},"type":"if","locations":[{"start":{"line":28,"column":3},"end":{"line":28,"column":57}},{"start":{},"end":{}}],"line":28},"3":{"loc":{"start":{"line":70,"column":2},"end":{"line":72,"column":3}},"type":"if","locations":[{"start":{"line":70,"column":2},"end":{"line":72,"column":3}},{"start":{},"end":{}}],"line":70},"4":{"loc":{"start":{"line":87,"column":2},"end":{"line":91,"column":3}},"type":"if","locations":[{"start":{"line":87,"column":2},"end":{"line":91,"column":3}},{"start":{},"end":{}}],"line":87},"5":{"loc":{"start":{"line":100,"column":2},"end":{"line":121,"column":3}},"type":"if","locations":[{"start":{"line":100,"column":2},"end":{"line":121,"column":3}},{"start":{},"end":{}}],"line":100},"6":{"loc":{"start":{"line":107,"column":12},"end":{"line":107,"column":60}},"type":"binary-expr","locations":[{"start":{"line":107,"column":12},"end":{"line":107,"column":34}},{"start":{"line":107,"column":38},"end":{"line":107,"column":60}}],"line":107},"7":{"loc":{"start":{"line":109,"column":4},"end":{"line":109,"column":58}},"type":"if","locations":[{"start":{"line":109,"column":4},"end":{"line":109,"column":58}},{"start":{},"end":{}}],"line":109},"8":{"loc":{"start":{"line":118,"column":3},"end":{"line":120,"column":4}},"type":"if","locations":[{"start":{"line":118,"column":3},"end":{"line":120,"column":4}},{"start":{},"end":{}}],"line":118},"9":{"loc":{"start":{"line":118,"column":7},"end":{"line":118,"column":63}},"type":"binary-expr","locations":[{"start":{"line":118,"column":7},"end":{"line":118,"column":31}},{"start":{"line":118,"column":35},"end":{"line":118,"column":63}}],"line":118},"10":{"loc":{"start":{"line":124,"column":12},"end":{"line":124,"column":67}},"type":"binary-expr","locations":[{"start":{"line":124,"column":12},"end":{"line":124,"column":41}},{"start":{"line":124,"column":45},"end":{"line":124,"column":67}}],"line":124},"11":{"loc":{"start":{"line":147,"column":2},"end":{"line":149,"column":3}},"type":"if","locations":[{"start":{"line":147,"column":2},"end":{"line":149,"column":3}},{"start":{},"end":{}}],"line":147},"12":{"loc":{"start":{"line":151,"column":2},"end":{"line":153,"column":3}},"type":"if","locations":[{"start":{"line":151,"column":2},"end":{"line":153,"column":3}},{"start":{},"end":{}}],"line":151},"13":{"loc":{"start":{"line":151,"column":6},"end":{"line":151,"column":62}},"type":"binary-expr","locations":[{"start":{"line":151,"column":6},"end":{"line":151,"column":30}},{"start":{"line":151,"column":34},"end":{"line":151,"column":62}}],"line":151},"14":{"loc":{"start":{"line":166,"column":2},"end":{"line":168,"column":3}},"type":"if","locations":[{"start":{"line":166,"column":2},"end":{"line":168,"column":3}},{"start":{},"end":{}}],"line":166}},"s":{"0":0,"1":0,"2":0,"3":0,"4":0,"5":0,"6":0,"7":0,"8":0,"9":0,"10":0,"11":0,"12":0,"13":0,"14":0,"15":0,"16":0,"17":0,"18":0,"19":0,"20":0,"21":0,"22":0,"23":0,"24":0,"25":0,"26":0,"27":0,"28":0,"29":0,"30":0,"31":0,"32":0,"33":0,"34":0,"35":0,"36":0,"37":0,"38":0,"39":0,"40":0,"41":0,"42":0,"43":0,"44":0,"45":0,"46":0,"47":0,"48":0,"49":0,"50":0,"51":0,"52":0,"53":0,"54":0,"55":0,"56":0,"57":0,"58":0,"59":0,"60":0,"61":0,"62":0,"63":0,"64":0,"65":0,"66":0,"67":0,"68":0,"69":0,"70":0,"71":0,"72":0,"73":0,"74":0},"f":{"0":0,"1":0,"2":0,"3":0,"4":0,"5":0,"6":0,"7":0,"8":0},"b":{"0":[0,0],"1":[0,0],"2":[0,0],"3":[0,0],"4":[0,0],"5":[0,0],"6":[0,0],"7":[0,0],"8":[0,0],"9":[0,0],"10":[0,0],"11":[0,0],"12":[0,0],"13":[0,0],"14":[0,0]}}
,"C:\\Users\\carlo\\OneDrive\\Documentos\\Projetos\\Barber\\Barber-Api\\src\\controllers\\beard-heights-controller.js": {"path":"C:\\Users\\carlo\\OneDrive\\Documentos\\Projetos\\Barber\\Barber-Api\\src\\controllers\\beard-heights-controller.js","statementMap":{"0":{"start":{"line":2,"column":29},"end":{"line":2,"column":57}},"1":{"start":{"line":7,"column":4},"end":{"line":7,"column":44}},"2":{"start":{"line":8,"column":19},"end":{"line":8,"column":73}},"3":{"start":{"line":11,"column":0},"end":{"line":51,"column":2}},"4":{"start":{"line":12,"column":1},"end":{"line":50,"column":2}},"5":{"start":{"line":13,"column":2},"end":{"line":17,"column":3}},"6":{"start":{"line":14,"column":3},"end":{"line":16,"column":64}},"7":{"start":{"line":19,"column":31},"end":{"line":19,"column":57}},"8":{"start":{"line":22,"column":13},"end":{"line":22,"column":30}},"9":{"start":{"line":23,"column":2},"end":{"line":29,"column":16}},"10":{"start":{"line":24,"column":21},"end":{"line":24,"column":60}},"11":{"start":{"line":25,"column":17},"end":{"line":27,"column":4}},"12":{"start":{"line":26,"column":11},"end":{"line":26,"column":59}},"13":{"start":{"line":28,"column":3},"end":{"line":28,"column":57}},"14":{"start":{"line":28,"column":14},"end":{"line":28,"column":57}},"15":{"start":{"line":31,"column":17},"end":{"line":41,"column":3}},"16":{"start":{"line":43,"column":15},"end":{"line":43,"column":46}},"17":{"start":{"line":44,"column":2},"end":{"line":44,"column":68}},"18":{"start":{"line":46,"column":2},"end":{"line":46,"column":21}},"19":{"start":{"line":47,"column":2},"end":{"line":49,"column":68}},"20":{"start":{"line":54,"column":0},"end":{"line":63,"column":2}},"21":{"start":{"line":55,"column":1},"end":{"line":62,"column":2}},"22":{"start":{"line":56,"column":15},"end":{"line":56,"column":37}},"23":{"start":{"line":57,"column":2},"end":{"line":57,"column":29}},"24":{"start":{"line":59,"column":2},"end":{"line":61,"column":70}},"25":{"start":{"line":66,"column":0},"end":{"line":78,"column":2}},"26":{"start":{"line":67,"column":1},"end":{"line":77,"column":2}},"27":{"start":{"line":68,"column":15},"end":{"line":68,"column":54}},"28":{"start":{"line":69,"column":2},"end":{"line":71,"column":3}},"29":{"start":{"line":70,"column":3},"end":{"line":70,"column":67}},"30":{"start":{"line":72,"column":2},"end":{"line":72,"column":29}},"31":{"start":{"line":74,"column":2},"end":{"line":76,"column":67}},"32":{"start":{"line":81,"column":0},"end":{"line":137,"column":2}},"33":{"start":{"line":82,"column":1},"end":{"line":136,"column":2}},"34":{"start":{"line":83,"column":13},"end":{"line":83,"column":26}},"35":{"start":{"line":84,"column":22},"end":{"line":84,"column":50}},"36":{"start":{"line":86,"column":2},"end":{"line":90,"column":3}},"37":{"start":{"line":87,"column":3},"end":{"line":89,"column":63}},"38":{"start":{"line":92,"column":19},"end":{"line":96,"column":3}},"39":{"start":{"line":98,"column":2},"end":{"line":119,"column":3}},"40":{"start":{"line":99,"column":24},"end":{"line":99,"column":50}},"41":{"start":{"line":101,"column":14},"end":{"line":101,"column":31}},"42":{"start":{"line":102,"column":3},"end":{"line":108,"column":17}},"43":{"start":{"line":103,"column":22},"end":{"line":103,"column":61}},"44":{"start":{"line":104,"column":18},"end":{"line":106,"column":5}},"45":{"start":{"line":105,"column":12},"end":{"line":105,"column":60}},"46":{"start":{"line":107,"column":4},"end":{"line":107,"column":58}},"47":{"start":{"line":107,"column":15},"end":{"line":107,"column":58}},"48":{"start":{"line":110,"column":3},"end":{"line":114,"column":5}},"49":{"start":{"line":116,"column":3},"end":{"line":118,"column":4}},"50":{"start":{"line":117,"column":4},"end":{"line":117,"column":53}},"51":{"start":{"line":121,"column":2},"end":{"line":123,"column":4}},"52":{"start":{"line":122,"column":12},"end":{"line":122,"column":67}},"53":{"start":{"line":125,"column":2},"end":{"line":125,"column":42}},"54":{"start":{"line":127,"column":22},"end":{"line":127,"column":50}},"55":{"start":{"line":128,"column":2},"end":{"line":130,"column":72}},"56":{"start":{"line":132,"column":2},"end":{"line":132,"column":21}},"57":{"start":{"line":133,"column":2},"end":{"line":135,"column":70}},"58":{"start":{"line":140,"column":0},"end":{"line":159,"column":2}},"59":{"start":{"line":141,"column":1},"end":{"line":158,"column":2}},"60":{"start":{"line":142,"column":13},"end":{"line":142,"column":26}},"61":{"start":{"line":143,"column":22},"end":{"line":143,"column":49}},"62":{"start":{"line":145,"column":2},"end":{"line":147,"column":3}},"63":{"start":{"line":146,"column":3},"end":{"line":146,"column":67}},"64":{"start":{"line":149,"column":2},"end":{"line":151,"column":3}},"65":{"start":{"line":150,"column":3},"end":{"line":150,"column":52}},"66":{"start":{"line":153,"column":2},"end":{"line":153,"column":65}},"67":{"start":{"line":155,"column":2},"end":{"line":157,"column":68}},"68":{"start":{"line":161,"column":0},"end":{"line":174,"column":2}},"69":{"start":{"line":162,"column":1},"end":{"line":173,"column":2}},"70":{"start":{"line":164,"column":19},"end":{"line":164,"column":61}},"71":{"start":{"line":165,"column":2},"end":{"line":167,"column":3}},"72":{"start":{"line":166,"column":3},"end":{"line":166,"column":70}},"73":{"start":{"line":168,"column":2},"end":{"line":168,"column":71}},"74":{"start":{"line":170,"column":2},"end":{"line":172,"column":63}}},"fnMap":{"0":{"name":"(anonymous_0)","decl":{"start":{"line":11,"column":21},"end":{"line":11,"column":22}},"loc":{"start":{"line":11,"column":41},"end":{"line":51,"column":1}},"line":11},"1":{"name":"(anonymous_1)","decl":{"start":{"line":26,"column":4},"end":{"line":26,"column":5}},"loc":{"start":{"line":26,"column":11},"end":{"line":26,"column":59}},"line":26},"2":{"name":"(anonymous_2)","decl":{"start":{"line":54,"column":22},"end":{"line":54,"column":23}},"loc":{"start":{"line":54,"column":42},"end":{"line":63,"column":1}},"line":54},"3":{"name":"(anonymous_3)","decl":{"start":{"line":66,"column":18},"end":{"line":66,"column":19}},"loc":{"start":{"line":66,"column":38},"end":{"line":78,"column":1}},"line":66},"4":{"name":"(anonymous_4)","decl":{"start":{"line":81,"column":17},"end":{"line":81,"column":18}},"loc":{"start":{"line":81,"column":37},"end":{"line":137,"column":1}},"line":81},"5":{"name":"(anonymous_5)","decl":{"start":{"line":105,"column":5},"end":{"line":105,"column":6}},"loc":{"start":{"line":105,"column":12},"end":{"line":105,"column":60}},"line":105},"6":{"name":"(anonymous_6)","decl":{"start":{"line":122,"column":3},"end":{"line":122,"column":4}},"loc":{"start":{"line":122,"column":12},"end":{"line":122,"column":67}},"line":122},"7":{"name":"(anonymous_7)","decl":{"start":{"line":140,"column":17},"end":{"line":140,"column":18}},"loc":{"start":{"line":140,"column":37},"end":{"line":159,"column":1}},"line":140},"8":{"name":"(anonymous_8)","decl":{"start":{"line":161,"column":20},"end":{"line":161,"column":21}},"loc":{"start":{"line":161,"column":40},"end":{"line":174,"column":1}},"line":161}},"branchMap":{"0":{"loc":{"start":{"line":13,"column":2},"end":{"line":17,"column":3}},"type":"if","locations":[{"start":{"line":13,"column":2},"end":{"line":17,"column":3}},{"start":{},"end":{}}],"line":13},"1":{"loc":{"start":{"line":26,"column":11},"end":{"line":26,"column":59}},"type":"binary-expr","locations":[{"start":{"line":26,"column":11},"end":{"line":26,"column":33}},{"start":{"line":26,"column":37},"end":{"line":26,"column":59}}],"line":26},"2":{"loc":{"start":{"line":28,"column":3},"end":{"line":28,"column":57}},"type":"if","locations":[{"start":{"line":28,"column":3},"end":{"line":28,"column":57}},{"start":{},"end":{}}],"line":28},"3":{"loc":{"start":{"line":69,"column":2},"end":{"line":71,"column":3}},"type":"if","locations":[{"start":{"line":69,"column":2},"end":{"line":71,"column":3}},{"start":{},"end":{}}],"line":69},"4":{"loc":{"start":{"line":86,"column":2},"end":{"line":90,"column":3}},"type":"if","locations":[{"start":{"line":86,"column":2},"end":{"line":90,"column":3}},{"start":{},"end":{}}],"line":86},"5":{"loc":{"start":{"line":98,"column":2},"end":{"line":119,"column":3}},"type":"if","locations":[{"start":{"line":98,"column":2},"end":{"line":119,"column":3}},{"start":{},"end":{}}],"line":98},"6":{"loc":{"start":{"line":105,"column":12},"end":{"line":105,"column":60}},"type":"binary-expr","locations":[{"start":{"line":105,"column":12},"end":{"line":105,"column":34}},{"start":{"line":105,"column":38},"end":{"line":105,"column":60}}],"line":105},"7":{"loc":{"start":{"line":107,"column":4},"end":{"line":107,"column":58}},"type":"if","locations":[{"start":{"line":107,"column":4},"end":{"line":107,"column":58}},{"start":{},"end":{}}],"line":107},"8":{"loc":{"start":{"line":116,"column":3},"end":{"line":118,"column":4}},"type":"if","locations":[{"start":{"line":116,"column":3},"end":{"line":118,"column":4}},{"start":{},"end":{}}],"line":116},"9":{"loc":{"start":{"line":116,"column":7},"end":{"line":116,"column":63}},"type":"binary-expr","locations":[{"start":{"line":116,"column":7},"end":{"line":116,"column":31}},{"start":{"line":116,"column":35},"end":{"line":116,"column":63}}],"line":116},"10":{"loc":{"start":{"line":122,"column":12},"end":{"line":122,"column":67}},"type":"binary-expr","locations":[{"start":{"line":122,"column":12},"end":{"line":122,"column":41}},{"start":{"line":122,"column":45},"end":{"line":122,"column":67}}],"line":122},"11":{"loc":{"start":{"line":145,"column":2},"end":{"line":147,"column":3}},"type":"if","locations":[{"start":{"line":145,"column":2},"end":{"line":147,"column":3}},{"start":{},"end":{}}],"line":145},"12":{"loc":{"start":{"line":149,"column":2},"end":{"line":151,"column":3}},"type":"if","locations":[{"start":{"line":149,"column":2},"end":{"line":151,"column":3}},{"start":{},"end":{}}],"line":149},"13":{"loc":{"start":{"line":149,"column":6},"end":{"line":149,"column":62}},"type":"binary-expr","locations":[{"start":{"line":149,"column":6},"end":{"line":149,"column":30}},{"start":{"line":149,"column":34},"end":{"line":149,"column":62}}],"line":149},"14":{"loc":{"start":{"line":165,"column":2},"end":{"line":167,"column":3}},"type":"if","locations":[{"start":{"line":165,"column":2},"end":{"line":167,"column":3}},{"start":{},"end":{}}],"line":165}},"s":{"0":0,"1":0,"2":0,"3":0,"4":0,"5":0,"6":0,"7":0,"8":0,"9":0,"10":0,"11":0,"12":0,"13":0,"14":0,"15":0,"16":0,"17":0,"18":0,"19":0,"20":0,"21":0,"22":0,"23":0,"24":0,"25":0,"26":0,"27":0,"28":0,"29":0,"30":0,"31":0,"32":0,"33":0,"34":0,"35":0,"36":0,"37":0,"38":0,"39":0,"40":0,"41":0,"42":0,"43":0,"44":0,"45":0,"46":0,"47":0,"48":0,"49":0,"50":0,"51":0,"52":0,"53":0,"54":0,"55":0,"56":0,"57":0,"58":0,"59":0,"60":0,"61":0,"62":0,"63":0,"64":0,"65":0,"66":0,"67":0,"68":0,"69":0,"70":0,"71":0,"72":0,"73":0,"74":0},"f":{"0":0,"1":0,"2":0,"3":0,"4":0,"5":0,"6":0,"7":0,"8":0},"b":{"0":[0,0],"1":[0,0],"2":[0,0],"3":[0,0],"4":[0,0],"5":[0,0],"6":[0,0],"7":[0,0],"8":[0,0],"9":[0,0],"10":[0,0],"11":[0,0],"12":[0,0],"13":[0,0],"14":[0,0]}}
,"C:\\Users\\carlo\\OneDrive\\Documentos\\Projetos\\Barber\\Barber-Api\\src\\controllers\\cutting-methods-controller.js": {"path":"C:\\Users\\carlo\\OneDrive\\Documentos\\Projetos\\Barber\\Barber-Api\\src\\controllers\\cutting-methods-controller.js","statementMap":{"0":{"start":{"line":2,"column":29},"end":{"line":2,"column":57}},"1":{"start":{"line":7,"column":4},"end":{"line":7,"column":44}},"2":{"start":{"line":8,"column":19},"end":{"line":8,"column":75}},"3":{"start":{"line":11,"column":0},"end":{"line":52,"column":2}},"4":{"start":{"line":12,"column":1},"end":{"line":51,"column":2}},"5":{"start":{"line":13,"column":2},"end":{"line":17,"column":3}},"6":{"start":{"line":14,"column":3},"end":{"line":16,"column":64}},"7":{"start":{"line":19,"column":31},"end":{"line":19,"column":57}},"8":{"start":{"line":22,"column":13},"end":{"line":22,"column":30}},"9":{"start":{"line":23,"column":2},"end":{"line":29,"column":16}},"10":{"start":{"line":24,"column":21},"end":{"line":24,"column":60}},"11":{"start":{"line":25,"column":17},"end":{"line":27,"column":4}},"12":{"start":{"line":26,"column":11},"end":{"line":26,"column":59}},"13":{"start":{"line":28,"column":3},"end":{"line":28,"column":57}},"14":{"start":{"line":28,"column":14},"end":{"line":28,"column":57}},"15":{"start":{"line":31,"column":17},"end":{"line":42,"column":3}},"16":{"start":{"line":44,"column":15},"end":{"line":44,"column":46}},"17":{"start":{"line":45,"column":2},"end":{"line":45,"column":68}},"18":{"start":{"line":47,"column":2},"end":{"line":47,"column":21}},"19":{"start":{"line":48,"column":2},"end":{"line":50,"column":68}},"20":{"start":{"line":55,"column":0},"end":{"line":64,"column":2}},"21":{"start":{"line":56,"column":1},"end":{"line":63,"column":2}},"22":{"start":{"line":57,"column":15},"end":{"line":57,"column":37}},"23":{"start":{"line":58,"column":2},"end":{"line":58,"column":29}},"24":{"start":{"line":60,"column":2},"end":{"line":62,"column":70}},"25":{"start":{"line":67,"column":0},"end":{"line":79,"column":2}},"26":{"start":{"line":68,"column":1},"end":{"line":78,"column":2}},"27":{"start":{"line":69,"column":15},"end":{"line":69,"column":54}},"28":{"start":{"line":70,"column":2},"end":{"line":72,"column":3}},"29":{"start":{"line":71,"column":3},"end":{"line":71,"column":67}},"30":{"start":{"line":73,"column":2},"end":{"line":73,"column":29}},"31":{"start":{"line":75,"column":2},"end":{"line":77,"column":67}},"32":{"start":{"line":82,"column":0},"end":{"line":139,"column":2}},"33":{"start":{"line":83,"column":1},"end":{"line":138,"column":2}},"34":{"start":{"line":84,"column":13},"end":{"line":84,"column":26}},"35":{"start":{"line":85,"column":22},"end":{"line":85,"column":50}},"36":{"start":{"line":87,"column":2},"end":{"line":91,"column":3}},"37":{"start":{"line":88,"column":3},"end":{"line":90,"column":63}},"38":{"start":{"line":93,"column":19},"end":{"line":97,"column":3}},"39":{"start":{"line":99,"column":2},"end":{"line":121,"column":3}},"40":{"start":{"line":100,"column":24},"end":{"line":100,"column":50}},"41":{"start":{"line":102,"column":14},"end":{"line":102,"column":31}},"42":{"start":{"line":103,"column":3},"end":{"line":109,"column":17}},"43":{"start":{"line":104,"column":22},"end":{"line":104,"column":61}},"44":{"start":{"line":105,"column":18},"end":{"line":107,"column":5}},"45":{"start":{"line":106,"column":12},"end":{"line":106,"column":60}},"46":{"start":{"line":108,"column":4},"end":{"line":108,"column":58}},"47":{"start":{"line":108,"column":15},"end":{"line":108,"column":58}},"48":{"start":{"line":111,"column":3},"end":{"line":116,"column":5}},"49":{"start":{"line":118,"column":3},"end":{"line":120,"column":4}},"50":{"start":{"line":119,"column":4},"end":{"line":119,"column":56}},"51":{"start":{"line":123,"column":2},"end":{"line":125,"column":4}},"52":{"start":{"line":124,"column":12},"end":{"line":124,"column":67}},"53":{"start":{"line":127,"column":2},"end":{"line":127,"column":42}},"54":{"start":{"line":129,"column":22},"end":{"line":129,"column":50}},"55":{"start":{"line":130,"column":2},"end":{"line":132,"column":72}},"56":{"start":{"line":134,"column":2},"end":{"line":134,"column":21}},"57":{"start":{"line":135,"column":2},"end":{"line":137,"column":70}},"58":{"start":{"line":142,"column":0},"end":{"line":161,"column":2}},"59":{"start":{"line":143,"column":1},"end":{"line":160,"column":2}},"60":{"start":{"line":144,"column":13},"end":{"line":144,"column":26}},"61":{"start":{"line":145,"column":22},"end":{"line":145,"column":49}},"62":{"start":{"line":147,"column":2},"end":{"line":149,"column":3}},"63":{"start":{"line":148,"column":3},"end":{"line":148,"column":67}},"64":{"start":{"line":151,"column":2},"end":{"line":153,"column":3}},"65":{"start":{"line":152,"column":3},"end":{"line":152,"column":55}},"66":{"start":{"line":155,"column":2},"end":{"line":155,"column":65}},"67":{"start":{"line":157,"column":2},"end":{"line":159,"column":68}},"68":{"start":{"line":163,"column":0},"end":{"line":175,"column":2}},"69":{"start":{"line":164,"column":1},"end":{"line":174,"column":2}},"70":{"start":{"line":165,"column":19},"end":{"line":165,"column":61}},"71":{"start":{"line":166,"column":2},"end":{"line":168,"column":3}},"72":{"start":{"line":167,"column":3},"end":{"line":167,"column":70}},"73":{"start":{"line":169,"column":2},"end":{"line":169,"column":71}},"74":{"start":{"line":171,"column":2},"end":{"line":173,"column":63}}},"fnMap":{"0":{"name":"(anonymous_0)","decl":{"start":{"line":11,"column":21},"end":{"line":11,"column":22}},"loc":{"start":{"line":11,"column":41},"end":{"line":52,"column":1}},"line":11},"1":{"name":"(anonymous_1)","decl":{"start":{"line":26,"column":4},"end":{"line":26,"column":5}},"loc":{"start":{"line":26,"column":11},"end":{"line":26,"column":59}},"line":26},"2":{"name":"(anonymous_2)","decl":{"start":{"line":55,"column":22},"end":{"line":55,"column":23}},"loc":{"start":{"line":55,"column":42},"end":{"line":64,"column":1}},"line":55},"3":{"name":"(anonymous_3)","decl":{"start":{"line":67,"column":18},"end":{"line":67,"column":19}},"loc":{"start":{"line":67,"column":38},"end":{"line":79,"column":1}},"line":67},"4":{"name":"(anonymous_4)","decl":{"start":{"line":82,"column":17},"end":{"line":82,"column":18}},"loc":{"start":{"line":82,"column":37},"end":{"line":139,"column":1}},"line":82},"5":{"name":"(anonymous_5)","decl":{"start":{"line":106,"column":5},"end":{"line":106,"column":6}},"loc":{"start":{"line":106,"column":12},"end":{"line":106,"column":60}},"line":106},"6":{"name":"(anonymous_6)","decl":{"start":{"line":124,"column":3},"end":{"line":124,"column":4}},"loc":{"start":{"line":124,"column":12},"end":{"line":124,"column":67}},"line":124},"7":{"name":"(anonymous_7)","decl":{"start":{"line":142,"column":17},"end":{"line":142,"column":18}},"loc":{"start":{"line":142,"column":37},"end":{"line":161,"column":1}},"line":142},"8":{"name":"(anonymous_8)","decl":{"start":{"line":163,"column":20},"end":{"line":163,"column":21}},"loc":{"start":{"line":163,"column":40},"end":{"line":175,"column":1}},"line":163}},"branchMap":{"0":{"loc":{"start":{"line":13,"column":2},"end":{"line":17,"column":3}},"type":"if","locations":[{"start":{"line":13,"column":2},"end":{"line":17,"column":3}},{"start":{},"end":{}}],"line":13},"1":{"loc":{"start":{"line":26,"column":11},"end":{"line":26,"column":59}},"type":"binary-expr","locations":[{"start":{"line":26,"column":11},"end":{"line":26,"column":33}},{"start":{"line":26,"column":37},"end":{"line":26,"column":59}}],"line":26},"2":{"loc":{"start":{"line":28,"column":3},"end":{"line":28,"column":57}},"type":"if","locations":[{"start":{"line":28,"column":3},"end":{"line":28,"column":57}},{"start":{},"end":{}}],"line":28},"3":{"loc":{"start":{"line":70,"column":2},"end":{"line":72,"column":3}},"type":"if","locations":[{"start":{"line":70,"column":2},"end":{"line":72,"column":3}},{"start":{},"end":{}}],"line":70},"4":{"loc":{"start":{"line":87,"column":2},"end":{"line":91,"column":3}},"type":"if","locations":[{"start":{"line":87,"column":2},"end":{"line":91,"column":3}},{"start":{},"end":{}}],"line":87},"5":{"loc":{"start":{"line":99,"column":2},"end":{"line":121,"column":3}},"type":"if","locations":[{"start":{"line":99,"column":2},"end":{"line":121,"column":3}},{"start":{},"end":{}}],"line":99},"6":{"loc":{"start":{"line":106,"column":12},"end":{"line":106,"column":60}},"type":"binary-expr","locations":[{"start":{"line":106,"column":12},"end":{"line":106,"column":34}},{"start":{"line":106,"column":38},"end":{"line":106,"column":60}}],"line":106},"7":{"loc":{"start":{"line":108,"column":4},"end":{"line":108,"column":58}},"type":"if","locations":[{"start":{"line":108,"column":4},"end":{"line":108,"column":58}},{"start":{},"end":{}}],"line":108},"8":{"loc":{"start":{"line":118,"column":3},"end":{"line":120,"column":4}},"type":"if","locations":[{"start":{"line":118,"column":3},"end":{"line":120,"column":4}},{"start":{},"end":{}}],"line":118},"9":{"loc":{"start":{"line":118,"column":7},"end":{"line":118,"column":69}},"type":"binary-expr","locations":[{"start":{"line":118,"column":7},"end":{"line":118,"column":34}},{"start":{"line":118,"column":38},"end":{"line":118,"column":69}}],"line":118},"10":{"loc":{"start":{"line":124,"column":12},"end":{"line":124,"column":67}},"type":"binary-expr","locations":[{"start":{"line":124,"column":12},"end":{"line":124,"column":41}},{"start":{"line":124,"column":45},"end":{"line":124,"column":67}}],"line":124},"11":{"loc":{"start":{"line":147,"column":2},"end":{"line":149,"column":3}},"type":"if","locations":[{"start":{"line":147,"column":2},"end":{"line":149,"column":3}},{"start":{},"end":{}}],"line":147},"12":{"loc":{"start":{"line":151,"column":2},"end":{"line":153,"column":3}},"type":"if","locations":[{"start":{"line":151,"column":2},"end":{"line":153,"column":3}},{"start":{},"end":{}}],"line":151},"13":{"loc":{"start":{"line":151,"column":6},"end":{"line":151,"column":68}},"type":"binary-expr","locations":[{"start":{"line":151,"column":6},"end":{"line":151,"column":33}},{"start":{"line":151,"column":37},"end":{"line":151,"column":68}}],"line":151},"14":{"loc":{"start":{"line":166,"column":2},"end":{"line":168,"column":3}},"type":"if","locations":[{"start":{"line":166,"column":2},"end":{"line":168,"column":3}},{"start":{},"end":{}}],"line":166}},"s":{"0":0,"1":0,"2":0,"3":0,"4":0,"5":0,"6":0,"7":0,"8":0,"9":0,"10":0,"11":0,"12":0,"13":0,"14":0,"15":0,"16":0,"17":0,"18":0,"19":0,"20":0,"21":0,"22":0,"23":0,"24":0,"25":0,"26":0,"27":0,"28":0,"29":0,"30":0,"31":0,"32":0,"33":0,"34":0,"35":0,"36":0,"37":0,"38":0,"39":0,"40":0,"41":0,"42":0,"43":0,"44":0,"45":0,"46":0,"47":0,"48":0,"49":0,"50":0,"51":0,"52":0,"53":0,"54":0,"55":0,"56":0,"57":0,"58":0,"59":0,"60":0,"61":0,"62":0,"63":0,"64":0,"65":0,"66":0,"67":0,"68":0,"69":0,"70":0,"71":0,"72":0,"73":0,"74":0},"f":{"0":0,"1":0,"2":0,"3":0,"4":0,"5":0,"6":0,"7":0,"8":0},"b":{"0":[0,0],"1":[0,0],"2":[0,0],"3":[0,0],"4":[0,0],"5":[0,0],"6":[0,0],"7":[0,0],"8":[0,0],"9":[0,0],"10":[0,0],"11":[0,0],"12":[0,0],"13":[0,0],"14":[0,0]}}
,"C:\\Users\\carlo\\OneDrive\\Documentos\\Projetos\\Barber\\Barber-Api\\src\\controllers\\fade-types-controller.js": {"path":"C:\\Users\\carlo\\OneDrive\\Documentos\\Projetos\\Barber\\Barber-Api\\src\\controllers\\fade-types-controller.js","statementMap":{"0":{"start":{"line":2,"column":29},"end":{"line":2,"column":57}},"1":{"start":{"line":7,"column":4},"end":{"line":7,"column":44}},"2":{"start":{"line":8,"column":19},"end":{"line":8,"column":70}},"3":{"start":{"line":11,"column":0},"end":{"line":52,"column":2}},"4":{"start":{"line":12,"column":1},"end":{"line":51,"column":2}},"5":{"start":{"line":13,"column":2},"end":{"line":17,"column":3}},"6":{"start":{"line":14,"column":3},"end":{"line":16,"column":64}},"7":{"start":{"line":19,"column":31},"end":{"line":19,"column":57}},"8":{"start":{"line":22,"column":13},"end":{"line":22,"column":30}},"9":{"start":{"line":23,"column":2},"end":{"line":29,"column":16}},"10":{"start":{"line":24,"column":21},"end":{"line":24,"column":60}},"11":{"start":{"line":25,"column":17},"end":{"line":27,"column":4}},"12":{"start":{"line":26,"column":11},"end":{"line":26,"column":59}},"13":{"start":{"line":28,"column":3},"end":{"line":28,"column":57}},"14":{"start":{"line":28,"column":14},"end":{"line":28,"column":57}},"15":{"start":{"line":31,"column":17},"end":{"line":42,"column":3}},"16":{"start":{"line":44,"column":15},"end":{"line":44,"column":46}},"17":{"start":{"line":45,"column":2},"end":{"line":45,"column":68}},"18":{"start":{"line":47,"column":2},"end":{"line":47,"column":21}},"19":{"start":{"line":48,"column":2},"end":{"line":50,"column":68}},"20":{"start":{"line":55,"column":0},"end":{"line":64,"column":2}},"21":{"start":{"line":56,"column":1},"end":{"line":63,"column":2}},"22":{"start":{"line":57,"column":15},"end":{"line":57,"column":37}},"23":{"start":{"line":58,"column":2},"end":{"line":58,"column":29}},"24":{"start":{"line":60,"column":2},"end":{"line":62,"column":70}},"25":{"start":{"line":67,"column":0},"end":{"line":79,"column":2}},"26":{"start":{"line":68,"column":1},"end":{"line":78,"column":2}},"27":{"start":{"line":69,"column":15},"end":{"line":69,"column":54}},"28":{"start":{"line":70,"column":2},"end":{"line":72,"column":3}},"29":{"start":{"line":71,"column":3},"end":{"line":71,"column":67}},"30":{"start":{"line":73,"column":2},"end":{"line":73,"column":29}},"31":{"start":{"line":75,"column":2},"end":{"line":77,"column":67}},"32":{"start":{"line":82,"column":0},"end":{"line":139,"column":2}},"33":{"start":{"line":83,"column":1},"end":{"line":138,"column":2}},"34":{"start":{"line":84,"column":13},"end":{"line":84,"column":26}},"35":{"start":{"line":85,"column":22},"end":{"line":85,"column":50}},"36":{"start":{"line":87,"column":2},"end":{"line":91,"column":3}},"37":{"start":{"line":88,"column":3},"end":{"line":90,"column":63}},"38":{"start":{"line":93,"column":19},"end":{"line":98,"column":3}},"39":{"start":{"line":100,"column":2},"end":{"line":121,"column":3}},"40":{"start":{"line":101,"column":24},"end":{"line":101,"column":50}},"41":{"start":{"line":103,"column":14},"end":{"line":103,"column":31}},"42":{"start":{"line":104,"column":3},"end":{"line":110,"column":17}},"43":{"start":{"line":105,"column":22},"end":{"line":105,"column":61}},"44":{"start":{"line":106,"column":18},"end":{"line":108,"column":5}},"45":{"start":{"line":107,"column":12},"end":{"line":107,"column":60}},"46":{"start":{"line":109,"column":4},"end":{"line":109,"column":58}},"47":{"start":{"line":109,"column":15},"end":{"line":109,"column":58}},"48":{"start":{"line":112,"column":3},"end":{"line":116,"column":5}},"49":{"start":{"line":118,"column":3},"end":{"line":120,"column":4}},"50":{"start":{"line":119,"column":4},"end":{"line":119,"column":53}},"51":{"start":{"line":123,"column":2},"end":{"line":125,"column":4}},"52":{"start":{"line":124,"column":12},"end":{"line":124,"column":67}},"53":{"start":{"line":127,"column":2},"end":{"line":127,"column":42}},"54":{"start":{"line":129,"column":22},"end":{"line":129,"column":50}},"55":{"start":{"line":130,"column":2},"end":{"line":132,"column":72}},"56":{"start":{"line":134,"column":2},"end":{"line":134,"column":21}},"57":{"start":{"line":135,"column":2},"end":{"line":137,"column":70}},"58":{"start":{"line":142,"column":0},"end":{"line":161,"column":2}},"59":{"start":{"line":143,"column":1},"end":{"line":160,"column":2}},"60":{"start":{"line":144,"column":13},"end":{"line":144,"column":26}},"61":{"start":{"line":145,"column":22},"end":{"line":145,"column":49}},"62":{"start":{"line":147,"column":2},"end":{"line":149,"column":3}},"63":{"start":{"line":148,"column":3},"end":{"line":148,"column":67}},"64":{"start":{"line":151,"column":2},"end":{"line":153,"column":3}},"65":{"start":{"line":152,"column":3},"end":{"line":152,"column":52}},"66":{"start":{"line":155,"column":2},"end":{"line":155,"column":65}},"67":{"start":{"line":157,"column":2},"end":{"line":159,"column":68}},"68":{"start":{"line":163,"column":0},"end":{"line":175,"column":2}},"69":{"start":{"line":164,"column":1},"end":{"line":174,"column":2}},"70":{"start":{"line":165,"column":19},"end":{"line":165,"column":61}},"71":{"start":{"line":166,"column":2},"end":{"line":168,"column":3}},"72":{"start":{"line":167,"column":3},"end":{"line":167,"column":70}},"73":{"start":{"line":169,"column":2},"end":{"line":169,"column":71}},"74":{"start":{"line":171,"column":2},"end":{"line":173,"column":63}}},"fnMap":{"0":{"name":"(anonymous_0)","decl":{"start":{"line":11,"column":21},"end":{"line":11,"column":22}},"loc":{"start":{"line":11,"column":41},"end":{"line":52,"column":1}},"line":11},"1":{"name":"(anonymous_1)","decl":{"start":{"line":26,"column":4},"end":{"line":26,"column":5}},"loc":{"start":{"line":26,"column":11},"end":{"line":26,"column":59}},"line":26},"2":{"name":"(anonymous_2)","decl":{"start":{"line":55,"column":22},"end":{"line":55,"column":23}},"loc":{"start":{"line":55,"column":42},"end":{"line":64,"column":1}},"line":55},"3":{"name":"(anonymous_3)","decl":{"start":{"line":67,"column":18},"end":{"line":67,"column":19}},"loc":{"start":{"line":67,"column":38},"end":{"line":79,"column":1}},"line":67},"4":{"name":"(anonymous_4)","decl":{"start":{"line":82,"column":17},"end":{"line":82,"column":18}},"loc":{"start":{"line":82,"column":37},"end":{"line":139,"column":1}},"line":82},"5":{"name":"(anonymous_5)","decl":{"start":{"line":107,"column":5},"end":{"line":107,"column":6}},"loc":{"start":{"line":107,"column":12},"end":{"line":107,"column":60}},"line":107},"6":{"name":"(anonymous_6)","decl":{"start":{"line":124,"column":3},"end":{"line":124,"column":4}},"loc":{"start":{"line":124,"column":12},"end":{"line":124,"column":67}},"line":124},"7":{"name":"(anonymous_7)","decl":{"start":{"line":142,"column":17},"end":{"line":142,"column":18}},"loc":{"start":{"line":142,"column":37},"end":{"line":161,"column":1}},"line":142},"8":{"name":"(anonymous_8)","decl":{"start":{"line":163,"column":20},"end":{"line":163,"column":21}},"loc":{"start":{"line":163,"column":40},"end":{"line":175,"column":1}},"line":163}},"branchMap":{"0":{"loc":{"start":{"line":13,"column":2},"end":{"line":17,"column":3}},"type":"if","locations":[{"start":{"line":13,"column":2},"end":{"line":17,"column":3}},{"start":{},"end":{}}],"line":13},"1":{"loc":{"start":{"line":26,"column":11},"end":{"line":26,"column":59}},"type":"binary-expr","locations":[{"start":{"line":26,"column":11},"end":{"line":26,"column":33}},{"start":{"line":26,"column":37},"end":{"line":26,"column":59}}],"line":26},"2":{"loc":{"start":{"line":28,"column":3},"end":{"line":28,"column":57}},"type":"if","locations":[{"start":{"line":28,"column":3},"end":{"line":28,"column":57}},{"start":{},"end":{}}],"line":28},"3":{"loc":{"start":{"line":70,"column":2},"end":{"line":72,"column":3}},"type":"if","locations":[{"start":{"line":70,"column":2},"end":{"line":72,"column":3}},{"start":{},"end":{}}],"line":70},"4":{"loc":{"start":{"line":87,"column":2},"end":{"line":91,"column":3}},"type":"if","locations":[{"start":{"line":87,"column":2},"end":{"line":91,"column":3}},{"start":{},"end":{}}],"line":87},"5":{"loc":{"start":{"line":100,"column":2},"end":{"line":121,"column":3}},"type":"if","locations":[{"start":{"line":100,"column":2},"end":{"line":121,"column":3}},{"start":{},"end":{}}],"line":100},"6":{"loc":{"start":{"line":107,"column":12},"end":{"line":107,"column":60}},"type":"binary-expr","locations":[{"start":{"line":107,"column":12},"end":{"line":107,"column":34}},{"start":{"line":107,"column":38},"end":{"line":107,"column":60}}],"line":107},"7":{"loc":{"start":{"line":109,"column":4},"end":{"line":109,"column":58}},"type":"if","locations":[{"start":{"line":109,"column":4},"end":{"line":109,"column":58}},{"start":{},"end":{}}],"line":109},"8":{"loc":{"start":{"line":118,"column":3},"end":{"line":120,"column":4}},"type":"if","locations":[{"start":{"line":118,"column":3},"end":{"line":120,"column":4}},{"start":{},"end":{}}],"line":118},"9":{"loc":{"start":{"line":118,"column":7},"end":{"line":118,"column":63}},"type":"binary-expr","locations":[{"start":{"line":118,"column":7},"end":{"line":118,"column":31}},{"start":{"line":118,"column":35},"end":{"line":118,"column":63}}],"line":118},"10":{"loc":{"start":{"line":124,"column":12},"end":{"line":124,"column":67}},"type":"binary-expr","locations":[{"start":{"line":124,"column":12},"end":{"line":124,"column":41}},{"start":{"line":124,"column":45},"end":{"line":124,"column":67}}],"line":124},"11":{"loc":{"start":{"line":147,"column":2},"end":{"line":149,"column":3}},"type":"if","locations":[{"start":{"line":147,"column":2},"end":{"line":149,"column":3}},{"start":{},"end":{}}],"line":147},"12":{"loc":{"start":{"line":151,"column":2},"end":{"line":153,"column":3}},"type":"if","locations":[{"start":{"line":151,"column":2},"end":{"line":153,"column":3}},{"start":{},"end":{}}],"line":151},"13":{"loc":{"start":{"line":151,"column":6},"end":{"line":151,"column":62}},"type":"binary-expr","locations":[{"start":{"line":151,"column":6},"end":{"line":151,"column":30}},{"start":{"line":151,"column":34},"end":{"line":151,"column":62}}],"line":151},"14":{"loc":{"start":{"line":166,"column":2},"end":{"line":168,"column":3}},"type":"if","locations":[{"start":{"line":166,"column":2},"end":{"line":168,"column":3}},{"start":{},"end":{}}],"line":166}},"s":{"0":0,"1":0,"2":0,"3":0,"4":0,"5":0,"6":0,"7":0,"8":0,"9":0,"10":0,"11":0,"12":0,"13":0,"14":0,"15":0,"16":0,"17":0,"18":0,"19":0,"20":0,"21":0,"22":0,"23":0,"24":0,"25":0,"26":0,"27":0,"28":0,"29":0,"30":0,"31":0,"32":0,"33":0,"34":0,"35":0,"36":0,"37":0,"38":0,"39":0,"40":0,"41":0,"42":0,"43":0,"44":0,"45":0,"46":0,"47":0,"48":0,"49":0,"50":0,"51":0,"52":0,"53":0,"54":0,"55":0,"56":0,"57":0,"58":0,"59":0,"60":0,"61":0,"62":0,"63":0,"64":0,"65":0,"66":0,"67":0,"68":0,"69":0,"70":0,"71":0,"72":0,"73":0,"74":0},"f":{"0":0,"1":0,"2":0,"3":0,"4":0,"5":0,"6":0,"7":0,"8":0},"b":{"0":[0,0],"1":[0,0],"2":[0,0],"3":[0,0],"4":[0,0],"5":[0,0],"6":[0,0],"7":[0,0],"8":[0,0],"9":[0,0],"10":[0,0],"11":[0,0],"12":[0,0],"13":[0,0],"14":[0,0]}}
,"C:\\Users\\carlo\\OneDrive\\Documentos\\Projetos\\Barber\\Barber-Api\\src\\controllers\\finish-styles-controller.js": {"path":"C:\\Users\\carlo\\OneDrive\\Documentos\\Projetos\\Barber\\Barber-Api\\src\\controllers\\finish-styles-controller.js","statementMap":{"0":{"start":{"line":2,"column":29},"end":{"line":2,"column":57}},"1":{"start":{"line":7,"column":4},"end":{"line":7,"column":44}},"2":{"start":{"line":8,"column":19},"end":{"line":8,"column":73}},"3":{"start":{"line":11,"column":0},"end":{"line":52,"column":2}},"4":{"start":{"line":12,"column":1},"end":{"line":51,"column":2}},"5":{"start":{"line":13,"column":2},"end":{"line":17,"column":3}},"6":{"start":{"line":14,"column":3},"end":{"line":16,"column":64}},"7":{"start":{"line":19,"column":31},"end":{"line":19,"column":57}},"8":{"start":{"line":22,"column":13},"end":{"line":22,"column":30}},"9":{"start":{"line":23,"column":2},"end":{"line":29,"column":16}},"10":{"start":{"line":24,"column":21},"end":{"line":24,"column":60}},"11":{"start":{"line":25,"column":17},"end":{"line":27,"column":4}},"12":{"start":{"line":26,"column":11},"end":{"line":26,"column":59}},"13":{"start":{"line":28,"column":3},"end":{"line":28,"column":57}},"14":{"start":{"line":28,"column":14},"end":{"line":28,"column":57}},"15":{"start":{"line":31,"column":17},"end":{"line":42,"column":3}},"16":{"start":{"line":44,"column":15},"end":{"line":44,"column":46}},"17":{"start":{"line":45,"column":2},"end":{"line":45,"column":68}},"18":{"start":{"line":47,"column":2},"end":{"line":47,"column":21}},"19":{"start":{"line":48,"column":2},"end":{"line":50,"column":68}},"20":{"start":{"line":55,"column":0},"end":{"line":64,"column":2}},"21":{"start":{"line":56,"column":1},"end":{"line":63,"column":2}},"22":{"start":{"line":57,"column":15},"end":{"line":57,"column":37}},"23":{"start":{"line":58,"column":2},"end":{"line":58,"column":29}},"24":{"start":{"line":60,"column":2},"end":{"line":62,"column":70}},"25":{"start":{"line":67,"column":0},"end":{"line":79,"column":2}},"26":{"start":{"line":68,"column":1},"end":{"line":78,"column":2}},"27":{"start":{"line":69,"column":15},"end":{"line":69,"column":54}},"28":{"start":{"line":70,"column":2},"end":{"line":72,"column":3}},"29":{"start":{"line":71,"column":3},"end":{"line":71,"column":67}},"30":{"start":{"line":73,"column":2},"end":{"line":73,"column":29}},"31":{"start":{"line":75,"column":2},"end":{"line":77,"column":67}},"32":{"start":{"line":82,"column":0},"end":{"line":138,"column":2}},"33":{"start":{"line":83,"column":1},"end":{"line":137,"column":2}},"34":{"start":{"line":84,"column":13},"end":{"line":84,"column":26}},"35":{"start":{"line":85,"column":22},"end":{"line":85,"column":50}},"36":{"start":{"line":87,"column":2},"end":{"line":91,"column":3}},"37":{"start":{"line":88,"column":3},"end":{"line":90,"column":63}},"38":{"start":{"line":93,"column":19},"end":{"line":97,"column":3}},"39":{"start":{"line":99,"column":2},"end":{"line":120,"column":3}},"40":{"start":{"line":100,"column":24},"end":{"line":100,"column":50}},"41":{"start":{"line":102,"column":14},"end":{"line":102,"column":31}},"42":{"start":{"line":103,"column":3},"end":{"line":109,"column":17}},"43":{"start":{"line":104,"column":22},"end":{"line":104,"column":61}},"44":{"start":{"line":105,"column":18},"end":{"line":107,"column":5}},"45":{"start":{"line":106,"column":12},"end":{"line":106,"column":60}},"46":{"start":{"line":108,"column":4},"end":{"line":108,"column":58}},"47":{"start":{"line":108,"column":15},"end":{"line":108,"column":58}},"48":{"start":{"line":111,"column":3},"end":{"line":115,"column":5}},"49":{"start":{"line":117,"column":3},"end":{"line":119,"column":4}},"50":{"start":{"line":118,"column":4},"end":{"line":118,"column":53}},"51":{"start":{"line":122,"column":2},"end":{"line":124,"column":4}},"52":{"start":{"line":123,"column":12},"end":{"line":123,"column":67}},"53":{"start":{"line":126,"column":2},"end":{"line":126,"column":42}},"54":{"start":{"line":128,"column":22},"end":{"line":128,"column":50}},"55":{"start":{"line":129,"column":2},"end":{"line":131,"column":72}},"56":{"start":{"line":133,"column":2},"end":{"line":133,"column":21}},"57":{"start":{"line":134,"column":2},"end":{"line":136,"column":70}},"58":{"start":{"line":141,"column":0},"end":{"line":160,"column":2}},"59":{"start":{"line":142,"column":1},"end":{"line":159,"column":2}},"60":{"start":{"line":143,"column":13},"end":{"line":143,"column":26}},"61":{"start":{"line":144,"column":22},"end":{"line":144,"column":49}},"62":{"start":{"line":146,"column":2},"end":{"line":148,"column":3}},"63":{"start":{"line":147,"column":3},"end":{"line":147,"column":67}},"64":{"start":{"line":150,"column":2},"end":{"line":152,"column":3}},"65":{"start":{"line":151,"column":3},"end":{"line":151,"column":52}},"66":{"start":{"line":154,"column":2},"end":{"line":154,"column":65}},"67":{"start":{"line":156,"column":2},"end":{"line":158,"column":68}},"68":{"start":{"line":162,"column":0},"end":{"line":175,"column":2}},"69":{"start":{"line":163,"column":1},"end":{"line":174,"column":2}},"70":{"start":{"line":165,"column":19},"end":{"line":165,"column":61}},"71":{"start":{"line":166,"column":2},"end":{"line":168,"column":3}},"72":{"start":{"line":167,"column":3},"end":{"line":167,"column":70}},"73":{"start":{"line":169,"column":2},"end":{"line":169,"column":71}},"74":{"start":{"line":171,"column":2},"end":{"line":173,"column":63}}},"fnMap":{"0":{"name":"(anonymous_0)","decl":{"start":{"line":11,"column":21},"end":{"line":11,"column":22}},"loc":{"start":{"line":11,"column":41},"end":{"line":52,"column":1}},"line":11},"1":{"name":"(anonymous_1)","decl":{"start":{"line":26,"column":4},"end":{"line":26,"column":5}},"loc":{"start":{"line":26,"column":11},"end":{"line":26,"column":59}},"line":26},"2":{"name":"(anonymous_2)","decl":{"start":{"line":55,"column":22},"end":{"line":55,"column":23}},"loc":{"start":{"line":55,"column":42},"end":{"line":64,"column":1}},"line":55},"3":{"name":"(anonymous_3)","decl":{"start":{"line":67,"column":18},"end":{"line":67,"column":19}},"loc":{"start":{"line":67,"column":38},"end":{"line":79,"column":1}},"line":67},"4":{"name":"(anonymous_4)","decl":{"start":{"line":82,"column":17},"end":{"line":82,"column":18}},"loc":{"start":{"line":82,"column":37},"end":{"line":138,"column":1}},"line":82},"5":{"name":"(anonymous_5)","decl":{"start":{"line":106,"column":5},"end":{"line":106,"column":6}},"loc":{"start":{"line":106,"column":12},"end":{"line":106,"column":60}},"line":106},"6":{"name":"(anonymous_6)","decl":{"start":{"line":123,"column":3},"end":{"line":123,"column":4}},"loc":{"start":{"line":123,"column":12},"end":{"line":123,"column":67}},"line":123},"7":{"name":"(anonymous_7)","decl":{"start":{"line":141,"column":17},"end":{"line":141,"column":18}},"loc":{"start":{"line":141,"column":37},"end":{"line":160,"column":1}},"line":141},"8":{"name":"(anonymous_8)","decl":{"start":{"line":162,"column":20},"end":{"line":162,"column":21}},"loc":{"start":{"line":162,"column":40},"end":{"line":175,"column":1}},"line":162}},"branchMap":{"0":{"loc":{"start":{"line":13,"column":2},"end":{"line":17,"column":3}},"type":"if","locations":[{"start":{"line":13,"column":2},"end":{"line":17,"column":3}},{"start":{},"end":{}}],"line":13},"1":{"loc":{"start":{"line":26,"column":11},"end":{"line":26,"column":59}},"type":"binary-expr","locations":[{"start":{"line":26,"column":11},"end":{"line":26,"column":33}},{"start":{"line":26,"column":37},"end":{"line":26,"column":59}}],"line":26},"2":{"loc":{"start":{"line":28,"column":3},"end":{"line":28,"column":57}},"type":"if","locations":[{"start":{"line":28,"column":3},"end":{"line":28,"column":57}},{"start":{},"end":{}}],"line":28},"3":{"loc":{"start":{"line":70,"column":2},"end":{"line":72,"column":3}},"type":"if","locations":[{"start":{"line":70,"column":2},"end":{"line":72,"column":3}},{"start":{},"end":{}}],"line":70},"4":{"loc":{"start":{"line":87,"column":2},"end":{"line":91,"column":3}},"type":"if","locations":[{"start":{"line":87,"column":2},"end":{"line":91,"column":3}},{"start":{},"end":{}}],"line":87},"5":{"loc":{"start":{"line":99,"column":2},"end":{"line":120,"column":3}},"type":"if","locations":[{"start":{"line":99,"column":2},"end":{"line":120,"column":3}},{"start":{},"end":{}}],"line":99},"6":{"loc":{"start":{"line":106,"column":12},"end":{"line":106,"column":60}},"type":"binary-expr","locations":[{"start":{"line":106,"column":12},"end":{"line":106,"column":34}},{"start":{"line":106,"column":38},"end":{"line":106,"column":60}}],"line":106},"7":{"loc":{"start":{"line":108,"column":4},"end":{"line":108,"column":58}},"type":"if","locations":[{"start":{"line":108,"column":4},"end":{"line":108,"column":58}},{"start":{},"end":{}}],"line":108},"8":{"loc":{"start":{"line":117,"column":3},"end":{"line":119,"column":4}},"type":"if","locations":[{"start":{"line":117,"column":3},"end":{"line":119,"column":4}},{"start":{},"end":{}}],"line":117},"9":{"loc":{"start":{"line":117,"column":7},"end":{"line":117,"column":63}},"type":"binary-expr","locations":[{"start":{"line":117,"column":7},"end":{"line":117,"column":31}},{"start":{"line":117,"column":35},"end":{"line":117,"column":63}}],"line":117},"10":{"loc":{"start":{"line":123,"column":12},"end":{"line":123,"column":67}},"type":"binary-expr","locations":[{"start":{"line":123,"column":12},"end":{"line":123,"column":41}},{"start":{"line":123,"column":45},"end":{"line":123,"column":67}}],"line":123},"11":{"loc":{"start":{"line":146,"column":2},"end":{"line":148,"column":3}},"type":"if","locations":[{"start":{"line":146,"column":2},"end":{"line":148,"column":3}},{"start":{},"end":{}}],"line":146},"12":{"loc":{"start":{"line":150,"column":2},"end":{"line":152,"column":3}},"type":"if","locations":[{"start":{"line":150,"column":2},"end":{"line":152,"column":3}},{"start":{},"end":{}}],"line":150},"13":{"loc":{"start":{"line":150,"column":6},"end":{"line":150,"column":62}},"type":"binary-expr","locations":[{"start":{"line":150,"column":6},"end":{"line":150,"column":30}},{"start":{"line":150,"column":34},"end":{"line":150,"column":62}}],"line":150},"14":{"loc":{"start":{"line":166,"column":2},"end":{"line":168,"column":3}},"type":"if","locations":[{"start":{"line":166,"column":2},"end":{"line":168,"column":3}},{"start":{},"end":{}}],"line":166}},"s":{"0":0,"1":0,"2":0,"3":0,"4":0,"5":0,"6":0,"7":0,"8":0,"9":0,"10":0,"11":0,"12":0,"13":0,"14":0,"15":0,"16":0,"17":0,"18":0,"19":0,"20":0,"21":0,"22":0,"23":0,"24":0,"25":0,"26":0,"27":0,"28":0,"29":0,"30":0,"31":0,"32":0,"33":0,"34":0,"35":0,"36":0,"37":0,"38":0,"39":0,"40":0,"41":0,"42":0,"43":0,"44":0,"45":0,"46":0,"47":0,"48":0,"49":0,"50":0,"51":0,"52":0,"53":0,"54":0,"55":0,"56":0,"57":0,"58":0,"59":0,"60":0,"61":0,"62":0,"63":0,"64":0,"65":0,"66":0,"67":0,"68":0,"69":0,"70":0,"71":0,"72":0,"73":0,"74":0},"f":{"0":0,"1":0,"2":0,"3":0,"4":0,"5":0,"6":0,"7":0,"8":0},"b":{"0":[0,0],"1":[0,0],"2":[0,0],"3":[0,0],"4":[0,0],"5":[0,0],"6":[0,0],"7":[0,0],"8":[0,0],"9":[0,0],"10":[0,0],"11":[0,0],"12":[0,0],"13":[0,0],"14":[0,0]}}
,"C:\\Users\\carlo\\OneDrive\\Documentos\\Projetos\\Barber\\Barber-Api\\src\\controllers\\haircut-controller.js": {"path":"C:\\Users\\carlo\\OneDrive\\Documentos\\Projetos\\Barber\\Barber-Api\\src\\controllers\\haircut-controller.js","statementMap":{"0":{"start":{"line":2,"column":29},"end":{"line":2,"column":57}},"1":{"start":{"line":7,"column":4},"end":{"line":7,"column":44}},"2":{"start":{"line":8,"column":19},"end":{"line":8,"column":67}},"3":{"start":{"line":11,"column":0},"end":{"line":52,"column":2}},"4":{"start":{"line":12,"column":1},"end":{"line":51,"column":2}},"5":{"start":{"line":13,"column":2},"end":{"line":17,"column":3}},"6":{"start":{"line":14,"column":3},"end":{"line":16,"column":64}},"7":{"start":{"line":19,"column":31},"end":{"line":19,"column":57}},"8":{"start":{"line":22,"column":13},"end":{"line":22,"column":30}},"9":{"start":{"line":23,"column":2},"end":{"line":29,"column":16}},"10":{"start":{"line":24,"column":21},"end":{"line":24,"column":60}},"11":{"start":{"line":25,"column":17},"end":{"line":27,"column":4}},"12":{"start":{"line":26,"column":11},"end":{"line":26,"column":59}},"13":{"start":{"line":28,"column":3},"end":{"line":28,"column":57}},"14":{"start":{"line":28,"column":14},"end":{"line":28,"column":57}},"15":{"start":{"line":31,"column":17},"end":{"line":42,"column":3}},"16":{"start":{"line":44,"column":15},"end":{"line":44,"column":46}},"17":{"start":{"line":45,"column":2},"end":{"line":45,"column":68}},"18":{"start":{"line":47,"column":2},"end":{"line":47,"column":21}},"19":{"start":{"line":48,"column":2},"end":{"line":50,"column":68}},"20":{"start":{"line":55,"column":0},"end":{"line":64,"column":2}},"21":{"start":{"line":56,"column":1},"end":{"line":63,"column":2}},"22":{"start":{"line":57,"column":15},"end":{"line":57,"column":37}},"23":{"start":{"line":58,"column":2},"end":{"line":58,"column":29}},"24":{"start":{"line":60,"column":2},"end":{"line":62,"column":70}},"25":{"start":{"line":67,"column":0},"end":{"line":79,"column":2}},"26":{"start":{"line":68,"column":1},"end":{"line":78,"column":2}},"27":{"start":{"line":69,"column":15},"end":{"line":69,"column":54}},"28":{"start":{"line":70,"column":2},"end":{"line":72,"column":3}},"29":{"start":{"line":71,"column":3},"end":{"line":71,"column":67}},"30":{"start":{"line":73,"column":2},"end":{"line":73,"column":29}},"31":{"start":{"line":75,"column":2},"end":{"line":77,"column":67}},"32":{"start":{"line":82,"column":0},"end":{"line":139,"column":2}},"33":{"start":{"line":83,"column":1},"end":{"line":138,"column":2}},"34":{"start":{"line":84,"column":13},"end":{"line":84,"column":26}},"35":{"start":{"line":85,"column":22},"end":{"line":85,"column":50}},"36":{"start":{"line":87,"column":2},"end":{"line":91,"column":3}},"37":{"start":{"line":88,"column":3},"end":{"line":90,"column":63}},"38":{"start":{"line":93,"column":19},"end":{"line":98,"column":3}},"39":{"start":{"line":100,"column":2},"end":{"line":121,"column":3}},"40":{"start":{"line":101,"column":24},"end":{"line":101,"column":50}},"41":{"start":{"line":103,"column":14},"end":{"line":103,"column":31}},"42":{"start":{"line":104,"column":3},"end":{"line":110,"column":17}},"43":{"start":{"line":105,"column":22},"end":{"line":105,"column":61}},"44":{"start":{"line":106,"column":18},"end":{"line":108,"column":5}},"45":{"start":{"line":107,"column":12},"end":{"line":107,"column":60}},"46":{"start":{"line":109,"column":4},"end":{"line":109,"column":58}},"47":{"start":{"line":109,"column":15},"end":{"line":109,"column":58}},"48":{"start":{"line":112,"column":3},"end":{"line":116,"column":5}},"49":{"start":{"line":118,"column":3},"end":{"line":120,"column":4}},"50":{"start":{"line":119,"column":4},"end":{"line":119,"column":53}},"51":{"start":{"line":123,"column":2},"end":{"line":125,"column":4}},"52":{"start":{"line":124,"column":12},"end":{"line":124,"column":67}},"53":{"start":{"line":127,"column":2},"end":{"line":127,"column":42}},"54":{"start":{"line":129,"column":22},"end":{"line":129,"column":50}},"55":{"start":{"line":130,"column":2},"end":{"line":132,"column":72}},"56":{"start":{"line":134,"column":2},"end":{"line":134,"column":21}},"57":{"start":{"line":135,"column":2},"end":{"line":137,"column":70}},"58":{"start":{"line":142,"column":0},"end":{"line":161,"column":2}},"59":{"start":{"line":143,"column":1},"end":{"line":160,"column":2}},"60":{"start":{"line":144,"column":13},"end":{"line":144,"column":26}},"61":{"start":{"line":145,"column":22},"end":{"line":145,"column":49}},"62":{"start":{"line":147,"column":2},"end":{"line":149,"column":3}},"63":{"start":{"line":148,"column":3},"end":{"line":148,"column":67}},"64":{"start":{"line":151,"column":2},"end":{"line":153,"column":3}},"65":{"start":{"line":152,"column":3},"end":{"line":152,"column":52}},"66":{"start":{"line":155,"column":2},"end":{"line":155,"column":65}},"67":{"start":{"line":157,"column":2},"end":{"line":159,"column":68}},"68":{"start":{"line":163,"column":0},"end":{"line":175,"column":2}},"69":{"start":{"line":164,"column":1},"end":{"line":174,"column":2}},"70":{"start":{"line":165,"column":19},"end":{"line":165,"column":60}},"71":{"start":{"line":166,"column":2},"end":{"line":168,"column":3}},"72":{"start":{"line":167,"column":3},"end":{"line":167,"column":70}},"73":{"start":{"line":169,"column":2},"end":{"line":169,"column":71}},"74":{"start":{"line":171,"column":2},"end":{"line":173,"column":63}}},"fnMap":{"0":{"name":"(anonymous_0)","decl":{"start":{"line":11,"column":21},"end":{"line":11,"column":22}},"loc":{"start":{"line":11,"column":41},"end":{"line":52,"column":1}},"line":11},"1":{"name":"(anonymous_1)","decl":{"start":{"line":26,"column":4},"end":{"line":26,"column":5}},"loc":{"start":{"line":26,"column":11},"end":{"line":26,"column":59}},"line":26},"2":{"name":"(anonymous_2)","decl":{"start":{"line":55,"column":22},"end":{"line":55,"column":23}},"loc":{"start":{"line":55,"column":42},"end":{"line":64,"column":1}},"line":55},"3":{"name":"(anonymous_3)","decl":{"start":{"line":67,"column":18},"end":{"line":67,"column":19}},"loc":{"start":{"line":67,"column":38},"end":{"line":79,"column":1}},"line":67},"4":{"name":"(anonymous_4)","decl":{"start":{"line":82,"column":17},"end":{"line":82,"column":18}},"loc":{"start":{"line":82,"column":37},"end":{"line":139,"column":1}},"line":82},"5":{"name":"(anonymous_5)","decl":{"start":{"line":107,"column":5},"end":{"line":107,"column":6}},"loc":{"start":{"line":107,"column":12},"end":{"line":107,"column":60}},"line":107},"6":{"name":"(anonymous_6)","decl":{"start":{"line":124,"column":3},"end":{"line":124,"column":4}},"loc":{"start":{"line":124,"column":12},"end":{"line":124,"column":67}},"line":124},"7":{"name":"(anonymous_7)","decl":{"start":{"line":142,"column":17},"end":{"line":142,"column":18}},"loc":{"start":{"line":142,"column":37},"end":{"line":161,"column":1}},"line":142},"8":{"name":"(anonymous_8)","decl":{"start":{"line":163,"column":20},"end":{"line":163,"column":21}},"loc":{"start":{"line":163,"column":40},"end":{"line":175,"column":1}},"line":163}},"branchMap":{"0":{"loc":{"start":{"line":13,"column":2},"end":{"line":17,"column":3}},"type":"if","locations":[{"start":{"line":13,"column":2},"end":{"line":17,"column":3}},{"start":{},"end":{}}],"line":13},"1":{"loc":{"start":{"line":26,"column":11},"end":{"line":26,"column":59}},"type":"binary-expr","locations":[{"start":{"line":26,"column":11},"end":{"line":26,"column":33}},{"start":{"line":26,"column":37},"end":{"line":26,"column":59}}],"line":26},"2":{"loc":{"start":{"line":28,"column":3},"end":{"line":28,"column":57}},"type":"if","locations":[{"start":{"line":28,"column":3},"end":{"line":28,"column":57}},{"start":{},"end":{}}],"line":28},"3":{"loc":{"start":{"line":70,"column":2},"end":{"line":72,"column":3}},"type":"if","locations":[{"start":{"line":70,"column":2},"end":{"line":72,"column":3}},{"start":{},"end":{}}],"line":70},"4":{"loc":{"start":{"line":87,"column":2},"end":{"line":91,"column":3}},"type":"if","locations":[{"start":{"line":87,"column":2},"end":{"line":91,"column":3}},{"start":{},"end":{}}],"line":87},"5":{"loc":{"start":{"line":100,"column":2},"end":{"line":121,"column":3}},"type":"if","locations":[{"start":{"line":100,"column":2},"end":{"line":121,"column":3}},{"start":{},"end":{}}],"line":100},"6":{"loc":{"start":{"line":107,"column":12},"end":{"line":107,"column":60}},"type":"binary-expr","locations":[{"start":{"line":107,"column":12},"end":{"line":107,"column":34}},{"start":{"line":107,"column":38},"end":{"line":107,"column":60}}],"line":107},"7":{"loc":{"start":{"line":109,"column":4},"end":{"line":109,"column":58}},"type":"if","locations":[{"start":{"line":109,"column":4},"end":{"line":109,"column":58}},{"start":{},"end":{}}],"line":109},"8":{"loc":{"start":{"line":118,"column":3},"end":{"line":120,"column":4}},"type":"if","locations":[{"start":{"line":118,"column":3},"end":{"line":120,"column":4}},{"start":{},"end":{}}],"line":118},"9":{"loc":{"start":{"line":118,"column":7},"end":{"line":118,"column":63}},"type":"binary-expr","locations":[{"start":{"line":118,"column":7},"end":{"line":118,"column":31}},{"start":{"line":118,"column":35},"end":{"line":118,"column":63}}],"line":118},"10":{"loc":{"start":{"line":124,"column":12},"end":{"line":124,"column":67}},"type":"binary-expr","locations":[{"start":{"line":124,"column":12},"end":{"line":124,"column":41}},{"start":{"line":124,"column":45},"end":{"line":124,"column":67}}],"line":124},"11":{"loc":{"start":{"line":147,"column":2},"end":{"line":149,"column":3}},"type":"if","locations":[{"start":{"line":147,"column":2},"end":{"line":149,"column":3}},{"start":{},"end":{}}],"line":147},"12":{"loc":{"start":{"line":151,"column":2},"end":{"line":153,"column":3}},"type":"if","locations":[{"start":{"line":151,"column":2},"end":{"line":153,"column":3}},{"start":{},"end":{}}],"line":151},"13":{"loc":{"start":{"line":151,"column":6},"end":{"line":151,"column":62}},"type":"binary-expr","locations":[{"start":{"line":151,"column":6},"end":{"line":151,"column":30}},{"start":{"line":151,"column":34},"end":{"line":151,"column":62}}],"line":151},"14":{"loc":{"start":{"line":166,"column":2},"end":{"line":168,"column":3}},"type":"if","locations":[{"start":{"line":166,"column":2},"end":{"line":168,"column":3}},{"start":{},"end":{}}],"line":166}},"s":{"0":0,"1":0,"2":0,"3":0,"4":0,"5":0,"6":0,"7":0,"8":0,"9":0,"10":0,"11":0,"12":0,"13":0,"14":0,"15":0,"16":0,"17":0,"18":0,"19":0,"20":0,"21":0,"22":0,"23":0,"24":0,"25":0,"26":0,"27":0,"28":0,"29":0,"30":0,"31":0,"32":0,"33":0,"34":0,"35":0,"36":0,"37":0,"38":0,"39":0,"40":0,"41":0,"42":0,"43":0,"44":0,"45":0,"46":0,"47":0,"48":0,"49":0,"50":0,"51":0,"52":0,"53":0,"54":0,"55":0,"56":0,"57":0,"58":0,"59":0,"60":0,"61":0,"62":0,"63":0,"64":0,"65":0,"66":0,"67":0,"68":0,"69":0,"70":0,"71":0,"72":0,"73":0,"74":0},"f":{"0":0,"1":0,"2":0,"3":0,"4":0,"5":0,"6":0,"7":0,"8":0},"b":{"0":[0,0],"1":[0,0],"2":[0,0],"3":[0,0],"4":[0,0],"5":[0,0],"6":[0,0],"7":[0,0],"8":[0,0],"9":[0,0],"10":[0,0],"11":[0,0],"12":[0,0],"13":[0,0],"14":[0,0]}}
,"C:\\Users\\carlo\\OneDrive\\Documentos\\Projetos\\Barber\\Barber-Api\\src\\controllers\\machine-heights-controller.js": {"path":"C:\\Users\\carlo\\OneDrive\\Documentos\\Projetos\\Barber\\Barber-Api\\src\\controllers\\machine-heights-controller.js","statementMap":{"0":{"start":{"line":2,"column":29},"end":{"line":2,"column":57}},"1":{"start":{"line":7,"column":4},"end":{"line":7,"column":44}},"2":{"start":{"line":8,"column":19},"end":{"line":8,"column":75}},"3":{"start":{"line":11,"column":0},"end":{"line":52,"column":2}},"4":{"start":{"line":12,"column":1},"end":{"line":51,"column":2}},"5":{"start":{"line":13,"column":2},"end":{"line":17,"column":3}},"6":{"start":{"line":14,"column":3},"end":{"line":16,"column":64}},"7":{"start":{"line":19,"column":31},"end":{"line":19,"column":57}},"8":{"start":{"line":22,"column":13},"end":{"line":22,"column":30}},"9":{"start":{"line":23,"column":2},"end":{"line":29,"column":16}},"10":{"start":{"line":24,"column":21},"end":{"line":24,"column":60}},"11":{"start":{"line":25,"column":17},"end":{"line":27,"column":4}},"12":{"start":{"line":26,"column":11},"end":{"line":26,"column":59}},"13":{"start":{"line":28,"column":3},"end":{"line":28,"column":57}},"14":{"start":{"line":28,"column":14},"end":{"line":28,"column":57}},"15":{"start":{"line":31,"column":17},"end":{"line":42,"column":3}},"16":{"start":{"line":44,"column":15},"end":{"line":44,"column":46}},"17":{"start":{"line":45,"column":2},"end":{"line":45,"column":68}},"18":{"start":{"line":47,"column":2},"end":{"line":47,"column":21}},"19":{"start":{"line":48,"column":2},"end":{"line":50,"column":68}},"20":{"start":{"line":55,"column":0},"end":{"line":64,"column":2}},"21":{"start":{"line":56,"column":1},"end":{"line":63,"column":2}},"22":{"start":{"line":57,"column":15},"end":{"line":57,"column":37}},"23":{"start":{"line":58,"column":2},"end":{"line":58,"column":29}},"24":{"start":{"line":60,"column":2},"end":{"line":62,"column":70}},"25":{"start":{"line":67,"column":0},"end":{"line":79,"column":2}},"26":{"start":{"line":68,"column":1},"end":{"line":78,"column":2}},"27":{"start":{"line":69,"column":15},"end":{"line":69,"column":54}},"28":{"start":{"line":70,"column":2},"end":{"line":72,"column":3}},"29":{"start":{"line":71,"column":3},"end":{"line":71,"column":67}},"30":{"start":{"line":73,"column":2},"end":{"line":73,"column":29}},"31":{"start":{"line":75,"column":2
[...]
nd":{"line":107,"column":5}},"45":{"start":{"line":106,"column":12},"end":{"line":106,"column":60}},"46":{"start":{"line":108,"column":4},"end":{"line":108,"column":58}},"47":{"start":{"line":108,"column":15},"end":{"line":108,"column":58}},"48":{"start":{"line":111,"column":3},"end":{"line":115,"column":5}},"49":{"start":{"line":117,"column":3},"end":{"line":119,"column":4}},"50":{"start":{"line":118,"column":4},"end":{"line":118,"column":53}},"51":{"start":{"line":122,"column":2},"end":{"line":124,"column":4}},"52":{"start":{"line":123,"column":12},"end":{"line":123,"column":67}},"53":{"start":{"line":126,"column":2},"end":{"line":126,"column":42}},"54":{"start":{"line":128,"column":22},"end":{"line":128,"column":50}},"55":{"start":{"line":129,"column":2},"end":{"line":131,"column":72}},"56":{"start":{"line":133,"column":2},"end":{"line":133,"column":21}},"57":{"start":{"line":134,"column":2},"end":{"line":136,"column":70}},"58":{"start":{"line":141,"column":0},"end":{"line":160,"column":2}},"59":{"start":{"line":142,"column":1},"end":{"line":159,"column":2}},"60":{"start":{"line":143,"column":13},"end":{"line":143,"column":26}},"61":{"start":{"line":144,"column":22},"end":{"line":144,"column":49}},"62":{"start":{"line":146,"column":2},"end":{"line":148,"column":3}},"63":{"start":{"line":147,"column":3},"end":{"line":147,"column":67}},"64":{"start":{"line":150,"column":2},"end":{"line":152,"column":3}},"65":{"start":{"line":151,"column":3},"end":{"line":151,"column":52}},"66":{"start":{"line":154,"column":2},"end":{"line":154,"column":65}},"67":{"start":{"line":156,"column":2},"end":{"line":158,"column":68}},"68":{"start":{"line":162,"column":0},"end":{"line":175,"column":2}},"69":{"start":{"line":163,"column":1},"end":{"line":174,"column":2}},"70":{"start":{"line":165,"column":19},"end":{"line":165,"column":61}},"71":{"start":{"line":166,"column":2},"end":{"line":168,"column":3}},"72":{"start":{"line":167,"column":3},"end":{"line":167,"column":70}},"73":{"start":{"line":169,"column":2},"end":{"line":169,"column":71}},"74":{"start":{"line":171,"column":2},"end":{"line":173,"column":63}}},"fnMap":{"0":{"name":"(anonymous_0)","decl":{"start":{"line":11,"column":21},"end":{"line":11,"column":22}},"loc":{"start":{"line":11,"column":41},"end":{"line":52,"column":1}},"line":11},"1":{"name":"(anonymous_1)","decl":{"start":{"line":26,"column":4},"end":{"line":26,"column":5}},"loc":{"start":{"line":26,"column":11},"end":{"line":26,"column":59}},"line":26},"2":{"name":"(anonymous_2)","decl":{"start":{"line":55,"column":22},"end":{"line":55,"column":23}},"loc":{"start":{"line":55,"column":42},"end":{"line":64,"column":1}},"line":55},"3":{"name":"(anonymous_3)","decl":{"start":{"line":67,"column":18},"end":{"line":67,"column":19}},"loc":{"start":{"line":67,"column":38},"end":{"line":79,"column":1}},"line":67},"4":{"name":"(anonymous_4)","decl":{"start":{"line":82,"column":17},"end":{"line":82,"column":18}},"loc":{"start":{"line":82,"column":37},"end":{"line":138,"column":1}},"line":82},"5":{"name":"(anonymous_5)","decl":{"start":{"line":106,"column":5},"end":{"line":106,"column":6}},"loc":{"start":{"line":106,"column":12},"end":{"line":106,"column":60}},"line":106},"6":{"name":"(anonymous_6)","decl":{"start":{"line":123,"column":3},"end":{"line":123,"column":4}},"loc":{"start":{"line":123,"column":12},"end":{"line":123,"column":67}},"line":123},"7":{"name":"(anonymous_7)","decl":{"start":{"line":141,"column":17},"end":{"line":141,"column":18}},"loc":{"start":{"line":141,"column":37},"end":{"line":160,"column":1}},"line":141},"8":{"name":"(anonymous_8)","decl":{"start":{"line":162,"column":20},"end":{"line":162,"column":21}},"loc":{"start":{"line":162,"column":40},"end":{"line":175,"column":1}},"line":162}},"branchMap":{"0":{"loc":{"start":{"line":13,"column":2},"end":{"line":17,"column":3}},"type":"if","locations":[{"start":{"line":13,"column":2},"end":{"line":17,"column":3}},{"start":{},"end":{}}],"line":13},"1":{"loc":{"start":{"line":26,"column":11},"end":{"line":26,"column":59}},"type":"binary-expr","locations":[{"start":{"line":26,"column":11},"end":{"line":26,"column":33}},{"start":{"line":26,"column":37},"end":{"line":26,"column":59}}],"line":26},"2":{"loc":{"start":{"line":28,"column":3},"end":{"line":28,"column":57}},"type":"if","locations":[{"start":{"line":28,"column":3},"end":{"line":28,"column":57}},{"start":{},"end":{}}],"line":28},"3":{"loc":{"start":{"line":70,"column":2},"end":{"line":72,"column":3}},"type":"if","locations":[{"start":{"line":70,"column":2},"end":{"line":72,"column":3}},{"start":{},"end":{}}],"line":70},"4":{"loc":{"start":{"line":87,"column":2},"end":{"line":91,"column":3}},"type":"if","locations":[{"start":{"line":87,"column":2},"end":{"line":91,"column":3}},{"start":{},"end":{}}],"line":87},"5":{"loc":{"start":{"line":99,"column":2},"end":{"line":120,"column":3}},"type":"if","locations":[{"start":{"line":99,"column":2},"end":{"line":120,"column":3}},{"start":{},"end":{}}],"line":99},"6":{"loc":{"start":{"line":106,"column":12},"end":{"line":106,"column":60}},"type":"binary-expr","locations":[{"start":{"line":106,"column":12},"end":{"line":106,"column":34}},{"start":{"line":106,"column":38},"end":{"line":106,"column":60}}],"line":106},"7":{"loc":{"start":{"line":108,"column":4},"end":{"line":108,"column":58}},"type":"if","locations":[{"start":{"line":108,"column":4},"end":{"line":108,"column":58}},{"start":{},"end":{}}],"line":108},"8":{"loc":{"start":{"line":117,"column":3},"end":{"line":119,"column":4}},"type":"if","locations":[{"start":{"line":117,"column":3},"end":{"line":119,"column":4}},{"start":{},"end":{}}],"line":117},"9":{"loc":{"start":{"line":117,"column":7},"end":{"line":117,"column":63}},"type":"binary-expr","locations":[{"start":{"line":117,"column":7},"end":{"line":117,"column":31}},{"start":{"line":117,"column":35},"end":{"line":117,"column":63}}],"line":117},"10":{"loc":{"start":{"line":123,"column":12},"end":{"line":123,"column":67}},"type":"binary-expr","locations":[{"start":{"line":123,"column":12},"end":{"line":123,"column":41}},{"start":{"line":123,"column":45},"end":{"line":123,"column":67}}],"line":123},"11":{"loc":{"start":{"line":146,"column":2},"end":{"line":148,"column":3}},"type":"if","locations":[{"start":{"line":146,"column":2},"end":{"line":148,"column":3}},{"start":{},"end":{}}],"line":146},"12":{"loc":{"start":{"line":150,"column":2},"end":{"line":152,"column":3}},"type":"if","locations":[{"start":{"line":150,"column":2},"end":{"line":152,"column":3}},{"start":{},"end":{}}],"line":150},"13":{"loc":{"start":{"line":150,"column":6},"end":{"line":150,"column":62}},"type":"binary-expr","locations":[{"start":{"line":150,"column":6},"end":{"line":150,"column":30}},{"start":{"line":150,"column":34},"end":{"line":150,"column":62}}],"line":150},"14":{"loc":{"start":{"line":166,"column":2},"end":{"line":168,"column":3}},"type":"if","locations":[{"start":{"line":166,"column":2},"end":{"line":168,"column":3}},{"start":{},"end":{}}],"line":166}},"s":{"0":0,"1":0,"2":0,"3":0,"4":0,"5":0,"6":0,"7":0,"8":0,"9":0,"10":0,"11":0,"12":0,"13":0,"14":0,"15":0,"16":0,"17":0,"18":0,"19":0,"20":0,"21":0,"22":0,"23":0,"24":0,"25":0,"26":0,"27":0,"28":0,"29":0,"30":0,"31":0,"32":0,"33":0,"34":0,"35":0,"36":0,"37":0,"38":0,"39":0,"40":0,"41":0,"42":0,"43":0,"44":0,"45":0,"46":0,"47":0,"48":0,"49":0,"50":0,"51":0,"52":0,"53":0,"54":0,"55":0,"56":0,"57":0,"58":0,"59":0,"60":0,"61":0,"62":0,"63":0,"64":0,"65":0,"66":0,"67":0,"68":0,"69":0,"70":0,"71":0,"72":0,"73":0,"74":0},"f":{"0":0,"1":0,"2":0,"3":0,"4":0,"5":0,"6":0,"7":0,"8":0},"b":{"0":[0,0],"1":[0,0],"2":[0,0],"3":[0,0],"4":[0,0],"5":[0,0],"6":[0,0],"7":[0,0],"8":[0,0],"9":[0,0],"10":[0,0],"11":[0,0],"12":[0,0],"13":[0,0],"14":[0,0]}}
,"C:\\Users\\carlo\\OneDrive\\Documentos\\Projetos\\Barber\\Barber-Api\\src\\controllers\\user-controller.js": {"path":"C:\\Users\\carlo\\OneDrive\\Documentos\\Projetos\\Barber\\Barber-Api\\src\\controllers\\user-controller.js","statementMap":{"0":{"start":{"line":3,"column":27},"end":{"line":3,"column":68}},"1":{"start":{"line":4,"column":19},"end":{"line":4,"column":61}},"2":{"start":{"line":5,"column":17},"end":{"line":5,"column":36}},"3":{"start":{"line":6,"column":20},"end":{"line":6,"column":55}},"4":{"start":{"line":7,"column":37},"end":{"line":7,"column":74}},"5":{"start":{"line":9,"column":0},"end":{"line":18,"column":2}},"6":{"start":{"line":10,"column":1},"end":{"line":17,"column":2}},"7":{"start":{"line":11,"column":13},"end":{"line":11,"column":35}},"8":{"start":{"line":12,"column":2},"end":{"line":12,"column":29}},"9":{"start":{"line":14,"column":2},"end":{"line":16,"column":5}},"10":{"start":{"line":20,"column":0},"end":{"line":29,"column":2}},"11":{"start":{"line":21,"column":1},"end":{"line":28,"column":2}},"12":{"start":{"line":22,"column":13},"end":{"line":22,"column":52}},"13":{"start":{"line":23,"column":2},"end":{"line":23,"column":29}},"14":{"start":{"line":25,"column":2},"end":{"line":27,"column":5}},"15":{"start":{"line":31,"column":0},"end":{"line":88,"column":2}},"16":{"start":{"line":32,"column":16},"end":{"line":32,"column":40}},"17":{"start":{"line":33,"column":1},"end":{"line":37,"column":3}},"18":{"start":{"line":38,"column":1},"end":{"line":38,"column":53}},"19":{"start":{"line":39,"column":1},"end":{"line":43,"column":3}},"20":{"start":{"line":45,"column":1},"end":{"line":48,"column":2}},"21":{"start":{"line":46,"column":2},"end":{"line":46,"column":48}},"22":{"start":{"line":47,"column":2},"end":{"line":47,"column":9}},"23":{"start":{"line":50,"column":1},"end":{"line":87,"column":2}},"24":{"start":{"line":51,"column":23},"end":{"line":51,"column":71}},"25":{"start":{"line":52,"column":2},"end":{"line":55,"column":3}},"26":{"start":{"line":53,"column":3},"end":{"line":53,"column":77}},"27":{"start":{"line":54,"column":3},"end":{"line":54,"column":10}},"28":{"start":{"line":58,"column":15},"end":{"line":58,"column":24}},"29":{"start":{"line":59,"column":2},"end":{"line":62,"column":3}},"30":{"start":{"line":60,"column":24},"end":{"line":60,"column":50}},"31":{"start":{"line":61,"column":3},"end":{"line":61,"column":25}},"32":{"start":{"line":64,"column":15},"end":{"line":64,"column":45}},"33":{"start":{"line":65,"column":15},"end":{"line":65,"column":59}},"34":{"start":{"line":67,"column":2},"end":{"line":79,"column":5}},"35":{"start":{"line":81,"column":2},"end":{"line":81,"column":62}},"36":{"start":{"line":83,"column":2},"end":{"line":83,"column":17}},"37":{"start":{"line":84,"column":2},"end":{"line":86,"column":70}},"38":{"start":{"line":90,"column":0},"end":{"line":141,"column":2}},"39":{"start":{"line":91,"column":16},"end":{"line":91,"column":40}},"40":{"start":{"line":92,"column":1},"end":{"line":92,"column":53}},"41":{"start":{"line":93,"column":1},"end":{"line":97,"column":3}},"42":{"start":{"line":98,"column":1},"end":{"line":98,"column":21}},"43":{"start":{"line":101,"column":1},"end":{"line":104,"column":2}},"44":{"start":{"line":102,"column":2},"end":{"line":102,"column":48}},"45":{"start":{"line":103,"column":2},"end":{"line":103,"column":9}},"46":{"start":{"line":106,"column":1},"end":{"line":140,"column":2}},"47":{"start":{"line":107,"column":15},"end":{"line":110,"column":4}},"48":{"start":{"line":112,"column":2},"end":{"line":117,"column":3}},"49":{"start":{"line":113,"column":3},"end":{"line":115,"column":6}},"50":{"start":{"line":116,"column":3},"end":{"line":116,"column":10}},"51":{"start":{"line":119,"column":16},"end":{"line":124,"column":4}},"52":{"start":{"line":126,"column":2},"end":{"line":135,"column":5}},"53":{"start":{"line":137,"column":2},"end":{"line":139,"column":5}},"54":{"start":{"line":143,"column":0},"end":{"line":177,"column":2}},"55":{"start":{"line":144,"column":1},"end":{"line":176,"column":2}},"56":{"start":{"line":146,"column":3},"end":{"line":146,"column":69}},"57":{"start":{"line":147,"column":15},"end":{"line":147,"column":51}},"58":{"start":{"line":149,"column":15},"end":{"line":149,"column":48}},"59":{"start":{"line":151,"column":2},"end":{"line":156,"column":3}},"60":{"start":{"line":152,"column":3},"end":{"line":154,"column":6}},"61":{"start":{"line":155,"column":3},"end":{"line":155,"column":10}},"62":{"start":{"line":158,"column":20},"end":{"line":163,"column":4}},"63":{"start":{"line":165,"column":2},"end":{"line":171,"column":5}},"64":{"start":{"line":173,"column":2},"end":{"line":175,"column":5}},"65":{"start":{"line":180,"column":0},"end":{"line":227,"column":2}},"66":{"start":{"line":181,"column":1},"end":{"line":226,"column":2}},"67":{"start":{"line":182,"column":13},"end":{"line":182,"column":26}},"68":{"start":{"line":183,"column":22},"end":{"line":183,"column":50}},"69":{"start":{"line":185,"column":2},"end":{"line":187,"column":3}},"70":{"start":{"line":186,"column":3},"end":{"line":186,"column":70}},"71":{"start":{"line":189,"column":19},"end":{"line":198,"column":3}},"72":{"start":{"line":200,"column":2},"end":{"line":203,"column":3}},"73":{"start":{"line":201,"column":16},"end":{"line":201,"column":46}},"74":{"start":{"line":202,"column":3},"end":{"line":202,"column":70}},"75":{"start":{"line":206,"column":2},"end":{"line":214,"column":3}},"76":{"start":{"line":207,"column":24},"end":{"line":207,"column":50}},"77":{"start":{"line":208,"column":3},"end":{"line":208,"column":36}},"78":{"start":{"line":211,"column":3},"end":{"line":213,"column":4}},"79":{"start":{"line":212,"column":4},"end":{"line":212,"column":47}},"80":{"start":{"line":217,"column":2},"end":{"line":219,"column":4}},"81":{"start":{"line":218,"column":12},"end":{"line":218,"column":67}},"82":{"start":{"line":221,"column":2},"end":{"line":221,"column":42}},"83":{"start":{"line":222,"column":2},"end":{"line":222,"column":68}},"84":{"start":{"line":224,"column":2},"end":{"line":224,"column":19}},"85":{"start":{"line":225,"column":2},"end":{"line":225,"column":63}},"86":{"start":{"line":229,"column":0},"end":{"line":240,"column":2}},"87":{"start":{"line":230,"column":1},"end":{"line":239,"column":2}},"88":{"start":{"line":231,"column":2},"end":{"line":231,"column":39}},"89":{"start":{"line":232,"column":2},"end":{"line":234,"column":5}},"90":{"start":{"line":236,"column":2},"end":{"line":238,"column":5}}},"fnMap":{"0":{"name":"(anonymous_0)","decl":{"start":{"line":9,"column":14},"end":{"line":9,"column":15}},"loc":{"start":{"line":9,"column":40},"end":{"line":18,"column":1}},"line":9},"1":{"name":"(anonymous_1)","decl":{"start":{"line":20,"column":18},"end":{"line":20,"column":19}},"loc":{"start":{"line":20,"column":44},"end":{"line":29,"column":1}},"line":20},"2":{"name":"(anonymous_2)","decl":{"start":{"line":31,"column":15},"end":{"line":31,"column":16}},"loc":{"start":{"line":31,"column":41},"end":{"line":88,"column":1}},"line":31},"3":{"name":"(anonymous_3)","decl":{"start":{"line":90,"column":23},"end":{"line":90,"column":24}},"loc":{"start":{"line":90,"column":49},"end":{"line":141,"column":1}},"line":90},"4":{"name":"(anonymous_4)","decl":{"start":{"line":143,"column":23},"end":{"line":143,"column":24}},"loc":{"start":{"line":143,"column":49},"end":{"line":177,"column":1}},"line":143},"5":{"name":"(anonymous_5)","decl":{"start":{"line":180,"column":17},"end":{"line":180,"column":18}},"loc":{"start":{"line":180,"column":43},"end":{"line":227,"column":1}},"line":180},"6":{"name":"(anonymous_6)","decl":{"start":{"line":218,"column":3},"end":{"line":218,"column":4}},"loc":{"start":{"line":218,"column":12},"end":{"line":218,"column":67}},"line":218},"7":{"name":"(anonymous_7)","decl":{"start":{"line":229,"column":17},"end":{"line":229,"column":18}},"loc":{"start":{"line":229,"column":43},"end":{"line":240,"column":1}},"line":229}},"branchMap":{"0":{"loc":{"start":{"line":45,"column":1},"end":{"line":48,"column":2}},"type":"if","locations":[{"start":{"line":45,"column":1},"end":{"line":48,"column":2}},{"start":{},"end":{}}],"line":45},"1":{"loc":{"start":{"line":52,"column":2},"end":{"line":55,"column":3}},"type":"if","locations":[{"start":{"line":52,"column":2},"end":{"line":55,"column":3}},{"start":{},"end":{}}],"line":52},"2":{"loc":{"start":{"line":59,"column":2},"end":{"line":62,"column":3}},"type":"if","locations":[{"start":{"line":59,"column":2},"end":{"line":62,"column":3}},{"start":{},"end":{}}],"line":59},"3":{"loc":{"start":{"line":76,"column":16},"end":{"line":78,"column":15}},"type":"cond-expr","locations":[{"start":{"line":77,"column":6},"end":{"line":77,"column":38}},{"start":{"line":78,"column":6},"end":{"line":78,"column":15}}],"line":76},"4":{"loc":{"start":{"line":101,"column":1},"end":{"line":104,"column":2}},"type":"if","locations":[{"start":{"line":101,"column":1},"end":{"line":104,"column":2}},{"start":{},"end":{}}],"line":101},"5":{"loc":{"start":{"line":112,"column":2},"end":{"line":117,"column":3}},"type":"if","locations":[{"start":{"line":112,"column":2},"end":{"line":117,"column":3}},{"start":{},"end":{}}],"line":112},"6":{"loc":{"start":{"line":146,"column":3},"end":{"line":146,"column":69}},"type":"binary-expr","locations":[{"start":{"line":146,"column":3},"end":{"line":146,"column":17}},{"start":{"line":146,"column":21},"end":{"line":146,"column":36}},{"start":{"line":146,"column":40},"end":{"line":146,"column":69}}],"line":146},"7":{"loc":{"start":{"line":151,"column":2},"end":{"line":156,"column":3}},"type":"if","locations":[{"start":{"line":151,"column":2},"end":{"line":156,"column":3}},{"start":{},"end":{}}],"line":151},"8":{"loc":{"start":{"line":185,"column":2},"end":{"line":187,"column":3}},"type":"if","locations":[{"start":{"line":185,"column":2},"end":{"line":187,"column":3}},{"start":{},"end":{}}],"line":185},"9":{"loc":{"start":{"line":195,"column":16},"end":{"line":197,"column":15}},"type":"cond-expr","locations":[{"start":{"line":196,"column":6},"end":{"line":196,"column":38}},{"start":{"line":197,"column":6},"end":{"line":197,"column":15}}],"line":195},"10":{"loc":{"start":{"line":200,"column":2},"end":{"line":203,"column":3}},"type":"if","locations":[{"start":{"line":200,"column":2},"end":{"line":203,"column":3}},{"start":{},"end":{}}],"line":200},"11":{"loc":{"start":{"line":206,"column":2},"end":{"line":214,"column":3}},"type":"if","locations":[{"start":{"line":206,"column":2},"end":{"line":214,"column":3}},{"start":{},"end":{}}],"line":206},"12":{"loc":{"start":{"line":211,"column":3},"end":{"line":213,"column":4}},"type":"if","locations":[{"start":{"line":211,"column":3},"end":{"line":213,"column":4}},{"start":{},"end":{}}],"line":211},"13":{"loc":{"start":{"line":211,"column":7},"end":{"line":211,"column":51}},"type":"binary-expr","locations":[{"start":{"line":211,"column":7},"end":{"line":211,"column":25}},{"start":{"line":211,"column":29},"end":{"line":211,"column":51}}],"line":211},"14":{"loc":{"start":{"line":218,"column":12},"end":{"line":218,"column":67}},"type":"binary-expr","locations":[{"start":{"line":218,"column":12},"end":{"line":218,"column":41}},{"start":{"line":218,"column":45},"end":{"line":218,"column":67}}],"line":218}},"s":{"0":1,"1":1,"2":1,"3":1,"4":1,"5":1,"6":0,"7":0,"8":0,"9":0,"10":1,"11":0,"12":0,"13":0,"14":0,"15":1,"16":1,"17":1,"18":1,"19":1,"20":1,"21":0,"22":0,"23":1,"24":1,"25":1,"26":0,"27":0,"28":1,"29":1,"30":1,"31":1,"32":1,"33":1,"34":1,"35":1,"36":0,"37":0,"38":1,"39":0,"40":0,"41":0,"42":0,"43":0,"44":0,"45":0,"46":0,"47":0,"48":0,"49":0,"50":0,"51":0,"52":0,"53":0,"54":1,"55":0,"56":0,"57":0,"58":0,"59":0,"60":0,"61":0,"62":0,"63":0,"64":0,"65":1,"66":1,"67":1,"68":1,"69":1,"70":0,"71":1,"72":1,"73":0,"74":0,"75":1,"76":1,"77":1,"78":1,"79":1,"80":1,"81":7,"82":1,"83":1,"84":0,"85":0,"86":1,"87":0,"88":0,"89":0,"90":0},"f":{"0":0,"1":0,"2":1,"3":0,"4":0,"5":1,"6":7,"7":0},"b":{"0":[0,1],"1":[0,1],"2":[1,0],"3":[0,1],"4":[0,0],"5":[0,0],"6":[0,0,0],"7":[0,0],"8":[0,1],"9":[0,1],"10":[0,1],"11":[1,0],"12":[1,0],"13":[1,1],"14":[7,5]},"_coverageSchema":"1a1c01bbd47fc00a2c39e90264f33305004495a9","hash":"fd0ee8d9b45a5b4b2d769fccef4beae1b8c790b4"}
}
