TN:
SF:src/controllers/beard-contours-controller.js
FN:11,(anonymous_0)
FN:28,(anonymous_1)
FN:64,(anonymous_2)
FN:77,(anonymous_3)
FN:92,(anonymous_4)
FN:118,(anonymous_5)
FN:138,(anonymous_6)
FN:157,(anonymous_7)
FN:180,(anonymous_8)
FNF:9
FNH:6
FNDA:2,(anonymous_0)
FNDA:0,(anonymous_1)
FNDA:1,(anonymous_2)
FNDA:2,(anonymous_3)
FNDA:2,(anonymous_4)
FNDA:0,(anonymous_5)
FNDA:7,(anonymous_6)
FNDA:2,(anonymous_7)
FNDA:0,(anonymous_8)
DA:2,1
DA:7,1
DA:8,1
DA:11,1
DA:12,2
DA:14,2
DA:15,1
DA:21,1
DA:24,1
DA:25,1
DA:26,1
DA:27,1
DA:28,0
DA:31,1
DA:32,0
DA:34,1
DA:37,0
DA:41,1
DA:53,1
DA:54,1
DA:56,0
DA:57,0
DA:64,1
DA:65,1
DA:66,1
DA:68,1
DA:70,0
DA:77,1
DA:78,2
DA:79,2
DA:80,2
DA:81,1
DA:83,1
DA:85,0
DA:92,1
DA:93,2
DA:94,2
DA:95,2
DA:97,2
DA:98,0
DA:103,2
DA:110,2
DA:111,1
DA:114,1
DA:115,1
DA:116,1
DA:117,1
DA:118,0
DA:120,1
DA:124,1
DA:131,1
DA:132,1
DA:137,2
DA:138,7
DA:141,2
DA:144,2
DA:145,2
DA:149,0
DA:150,0
DA:157,1
DA:158,2
DA:159,2
DA:160,2
DA:162,2
DA:163,1
DA:167,1
DA:168,1
DA:171,1
DA:173,0
DA:180,1
DA:181,0
DA:183,0
DA:184,0
DA:185,0
DA:187,0
DA:189,0
LF:76
LH:58
BRDA:14,0,0,1
BRDA:14,0,1,1
BRDA:28,1,0,0
BRDA:28,1,1,0
BRDA:31,2,0,0
BRDA:31,2,1,1
BRDA:80,3,0,1
BRDA:80,3,1,1
BRDA:97,4,0,0
BRDA:97,4,1,2
BRDA:110,5,0,1
BRDA:110,5,1,1
BRDA:118,6,0,0
BRDA:118,6,1,0
BRDA:120,7,0,0
BRDA:120,7,1,1
BRDA:131,8,0,1
BRDA:131,8,1,0
BRDA:131,9,0,1
BRDA:131,9,1,1
BRDA:138,10,0,7
BRDA:138,10,1,5
BRDA:162,11,0,1
BRDA:162,11,1,1
BRDA:167,12,0,1
BRDA:167,12,1,0
BRDA:167,13,0,1
BRDA:167,13,1,1
BRDA:184,14,0,0
BRDA:184,14,1,0
BRF:30
BRH:19
end_of_record
TN:
SF:src/controllers/beard-controller.js
FN:11,(anonymous_0)
FN:26,(anonymous_1)
FN:55,(anonymous_2)
FN:67,(anonymous_3)
FN:82,(anonymous_4)
FN:107,(anonymous_5)
FN:124,(anonymous_6)
FN:142,(anonymous_7)
FN:163,(anonymous_8)
FNF:9
FNH:4
FNDA:2,(anonymous_0)
FNDA:0,(anonymous_1)
FNDA:0,(anonymous_2)
FNDA:0,(anonymous_3)
FNDA:1,(anonymous_4)
FNDA:0,(anonymous_5)
FNDA:4,(anonymous_6)
FNDA:1,(anonymous_7)
FNDA:0,(anonymous_8)
DA:2,1
DA:7,1
DA:8,1
DA:11,1
DA:12,2
DA:13,2
DA:14,1
DA:19,1
DA:22,1
DA:23,1
DA:24,1
DA:25,1
DA:26,0
DA:28,1
DA:31,1
DA:44,1
DA:45,1
DA:47,0
DA:48,0
DA:55,1
DA:56,0
DA:57,0
DA:58,0
DA:60,0
DA:67,1
DA:68,0
DA:69,0
DA:70,0
DA:71,0
DA:73,0
DA:75,0
DA:82,1
DA:83,1
DA:84,1
DA:85,1
DA:87,1
DA:88,0
DA:93,1
DA:100,1
DA:101,0
DA:103,0
DA:104,0
DA:105,0
DA:106,0
DA:107,0
DA:109,0
DA:112,0
DA:118,0
DA:119,0
DA:123,1
DA:124,4
DA:127,1
DA:129,1
DA:130,1
DA:134,0
DA:135,0
DA:142,1
DA:143,1
DA:144,1
DA:145,1
DA:147,1
DA:148,0
DA:151,1
DA:152,1
DA:155,1
DA:157,0
DA:163,1
DA:164,0
DA:165,0
DA:166,0
DA:167,0
DA:169,0
DA:171,0
LF:73
LH:39
BRDA:13,0,0,1
BRDA:13,0,1,1
BRDA:26,1,0,0
BRDA:26,1,1,0
BRDA:28,2,0,0
BRDA:28,2,1,1
BRDA:70,3,0,0
BRDA:70,3,1,0
BRDA:87,4,0,0
BRDA:87,4,1,1
BRDA:100,5,0,0
BRDA:100,5,1,1
BRDA:107,6,0,0
BRDA:107,6,1,0
BRDA:109,7,0,0
BRDA:109,7,1,0
BRDA:118,8,0,0
BRDA:118,8,1,0
BRDA:118,9,0,0
BRDA:118,9,1,0
BRDA:124,10,0,4
BRDA:124,10,1,3
BRDA:147,11,0,0
BRDA:147,11,1,1
BRDA:151,12,0,1
BRDA:151,12,1,0
BRDA:151,13,0,1
BRDA:151,13,1,1
BRDA:166,14,0,0
BRDA:166,14,1,0
BRF:30
BRH:11
end_of_record
TN:
SF:src/controllers/beard-heights-controller.js
FN:11,(anonymous_0)
FN:26,(anonymous_1)
FN:54,(anonymous_2)
FN:66,(anonymous_3)
FN:81,(anonymous_4)
FN:105,(anonymous_5)
FN:122,(anonymous_6)
FN:140,(anonymous_7)
FN:161,(anonymous_8)
FNF:9
FNH:4
FNDA:1,(anonymous_0)
FNDA:0,(anonymous_1)
FNDA:0,(anonymous_2)
FNDA:0,(anonymous_3)
FNDA:1,(anonymous_4)
FNDA:0,(anonymous_5)
FNDA:4,(anonymous_6)
FNDA:1,(anonymous_7)
FNDA:0,(anonymous_8)
DA:2,1
DA:7,1
DA:8,1
DA:11,1
DA:12,1
DA:13,1
DA:14,0
DA:19,1
DA:22,1
DA:23,1
DA:24,1
DA:25,1
DA:26,0
DA:28,0
DA:31,1
DA:43,1
DA:44,1
DA:46,0
DA:47,0
DA:54,1
DA:55,0
DA:56,0
DA:57,0
DA:59,0
DA:66,1
DA:67,0
DA:68,0
DA:69,0
DA:70,0
DA:72,0
DA:74,0
DA:81,1
DA:82,1
DA:83,1
DA:84,1
DA:86,1
DA:87,0
DA:92,1
DA:98,1
DA:99,1
DA:101,1
DA:102,1
DA:103,1
DA:104,1
DA:105,0
DA:107,0
DA:110,1
DA:116,1
DA:117,1
DA:121,1
DA:122,4
DA:125,1
DA:127,1
DA:128,1
DA:132,0
DA:133,0
DA:140,1
DA:141,1
DA:142,1
DA:143,1
DA:145,1
DA:146,0
DA:149,1
DA:150,1
DA:153,1
DA:155,0
DA:161,1
DA:162,0
DA:164,0
DA:165,0
DA:166,0
DA:168,0
DA:170,0
LF:73
LH:45
BRDA:13,0,0,0
BRDA:13,0,1,1
BRDA:26,1,0,0
BRDA:26,1,1,0
BRDA:28,2,0,0
BRDA:28,2,1,0
BRDA:69,3,0,0
BRDA:69,3,1,0
BRDA:86,4,0,0
BRDA:86,4,1,1
BRDA:98,5,0,1
BRDA:98,5,1,0
BRDA:105,6,0,0
BRDA:105,6,1,0
BRDA:107,7,0,0
BRDA:107,7,1,0
BRDA:116,8,0,1
BRDA:116,8,1,0
BRDA:116,9,0,1
BRDA:116,9,1,1
BRDA:122,10,0,4
BRDA:122,10,1,3
BRDA:145,11,0,0
BRDA:145,11,1,1
BRDA:149,12,0,1
BRDA:149,12,1,0
BRDA:149,13,0,1
BRDA:149,13,1,1
BRDA:165,14,0,0
BRDA:165,14,1,0
BRF:30
BRH:12
end_of_record
TN:
SF:src/controllers/cutting-methods-controller.js
FN:11,(anonymous_0)
FN:26,(anonymous_1)
FN:55,(anonymous_2)
FN:67,(anonymous_3)
FN:82,(anonymous_4)
FN:106,(anonymous_5)
FN:124,(anonymous_6)
FN:142,(anonymous_7)
FN:163,(anonymous_8)
FNF:9
FNH:4
FNDA:1,(anonymous_0)
FNDA:0,(anonymous_1)
FNDA:0,(anonymous_2)
FNDA:0,(anonymous_3)
FNDA:1,(anonymous_4)
FNDA:0,(anonymous_5)
FNDA:4,(anonymous_6)
FNDA:1,(anonymous_7)
FNDA:0,(anonymous_8)
DA:2,1
DA:7,1
DA:8,1
DA:11,1
DA:12,1
DA:13,1
DA:14,0
DA:19,1
DA:22,1
DA:23,1
DA:24,1
DA:25,1
DA:26,0
DA:28,1
DA:31,1
DA:44,1
DA:45,1
DA:47,0
DA:48,0
DA:55,1
DA:56,0
DA:57,0
DA:58,0
DA:60,0
DA:67,1
DA:68,0
DA:69,0
DA:70,0
DA:71,0
DA:73,0
DA:75,0
DA:82,1
DA:83,1
DA:84,1
DA:85,1
DA:87,1
DA:88,0
DA:93,1
DA:99,1
DA:100,1
DA:102,1
DA:103,1
DA:104,1
DA:105,1
DA:106,0
DA:108,1
DA:111,1
DA:118,1
DA:119,1
DA:123,1
DA:124,4
DA:127,1
DA:129,1
DA:130,1
DA:134,0
DA:135,0
DA:142,1
DA:143,1
DA:144,1
DA:145,1
DA:147,1
DA:148,0
DA:151,1
DA:152,1
DA:155,1
DA:157,0
DA:163,1
DA:164,0
DA:165,0
DA:166,0
DA:167,0
DA:169,0
DA:171,0
LF:73
LH:47
BRDA:13,0,0,0
BRDA:13,0,1,1
BRDA:26,1,0,0
BRDA:26,1,1,0
BRDA:28,2,0,0
BRDA:28,2,1,1
BRDA:70,3,0,0
BRDA:70,3,1,0
BRDA:87,4,0,0
BRDA:87,4,1,1
BRDA:99,5,0,1
BRDA:99,5,1,0
BRDA:106,6,0,0
BRDA:106,6,1,0
BRDA:108,7,0,0
BRDA:108,7,1,1
BRDA:118,8,0,1
BRDA:118,8,1,0
BRDA:118,9,0,1
BRDA:118,9,1,1
BRDA:124,10,0,4
BRDA:124,10,1,3
BRDA:147,11,0,0
BRDA:147,11,1,1
BRDA:151,12,0,1
BRDA:151,12,1,0
BRDA:151,13,0,1
BRDA:151,13,1,1
BRDA:166,14,0,0
BRDA:166,14,1,0
BRF:30
BRH:14
end_of_record
TN:
SF:src/controllers/fade-types-controller.js
FN:11,(anonymous_0)
FN:26,(anonymous_1)
FN:55,(anonymous_2)
FN:67,(anonymous_3)
FN:82,(anonymous_4)
FN:107,(anonymous_5)
FN:124,(anonymous_6)
FN:142,(anonymous_7)
FN:163,(anonymous_8)
FNF:9
FNH:2
FNDA:1,(anonymous_0)
FNDA:0,(anonymous_1)
FNDA:0,(anonymous_2)
FNDA:0,(anonymous_3)
FNDA:0,(anonymous_4)
FNDA:0,(anonymous_5)
FNDA:0,(anonymous_6)
FNDA:1,(anonymous_7)
FNDA:0,(anonymous_8)
DA:2,1
DA:7,1
DA:8,1
DA:11,1
DA:12,1
DA:13,1
DA:14,0
DA:19,1
DA:22,1
DA:23,1
DA:24,1
DA:25,1
DA:26,0
DA:28,0
DA:31,1
DA:44,1
DA:45,1
DA:47,0
DA:48,0
DA:55,1
DA:56,0
DA:57,0
DA:58,0
DA:60,0
DA:67,1
DA:68,0
DA:69,0
DA:70,0
DA:71,0
DA:73,0
DA:75,0
DA:82,1
DA:83,0
DA:84,0
DA:85,0
DA:87,0
DA:88,0
DA:93,0
DA:100,0
DA:101,0
DA:103,0
DA:104,0
DA:105,0
DA:106,0
DA:107,0
DA:109,0
DA:112,0
DA:118,0
DA:119,0
DA:123,0
DA:124,0
DA:127,0
DA:129,0
DA:130,0
DA:134,0
DA:135,0
DA:142,1
DA:143,1
DA:144,1
DA:145,1
DA:147,1
DA:148,0
DA:151,1
DA:152,1
DA:155,1
DA:157,0
DA:163,1
DA:164,0
DA:165,0
DA:166,0
DA:167,0
DA:169,0
DA:171,0
LF:73
LH:26
BRDA:13,0,0,0
BRDA:13,0,1,1
BRDA:26,1,0,0
BRDA:26,1,1,0
BRDA:28,2,0,0
BRDA:28,2,1,0
BRDA:70,3,0,0
BRDA:70,3,1,0
BRDA:87,4,0,0
BRDA:87,4,1,0
BRDA:100,5,0,0
BRDA:100,5,1,0
BRDA:107,6,0,0
BRDA:107,6,1,0
BRDA:109,7,0,0
BRDA:109,7,1,0
BRDA:118,8,0,0
BRDA:118,8,1,0
BRDA:118,9,0,0
BRDA:118,9,1,0
BRDA:124,10,0,0
BRDA:124,10,1,0
BRDA:147,11,0,0
BRDA:147,11,1,1
BRDA:151,12,0,1
BRDA:151,12,1,0
BRDA:151,13,0,1
BRDA:151,13,1,1
BRDA:166,14,0,0
BRDA:166,14,1,0
BRF:30
BRH:5
end_of_record
TN:
SF:src/controllers/finish-styles-controller.js
FN:11,(anonymous_0)
FN:26,(anonymous_1)
FN:55,(anonymous_2)
FN:67,(anonymous_3)
FN:82,(anonymous_4)
FN:106,(anonymous_5)
FN:123,(anonymous_6)
FN:141,(anonymous_7)
FN:162,(anonymous_8)
FNF:9
FNH:2
FNDA:1,(anonymous_0)
FNDA:0,(anonymous_1)
FNDA:0,(anonymous_2)
FNDA:0,(anonymous_3)
FNDA:0,(anonymous_4)
FNDA:0,(anonymous_5)
FNDA:0,(anonymous_6)
FNDA:1,(anonymous_7)
FNDA:0,(anonymous_8)
DA:2,1
DA:7,1
DA:8,1
DA:11,1
DA:12,1
DA:13,1
DA:14,0
DA:19,1
DA:22,1
DA:23,1
DA:24,1
DA:25,1
DA:26,0
DA:28,0
DA:31,1
DA:44,1
DA:45,1
DA:47,0
DA:48,0
DA:55,1
DA:56,0
DA:57,0
DA:58,0
DA:60,0
DA:67,1
DA:68,0
DA:69,0
DA:70,0
DA:71,0
DA:73,0
DA:75,0
DA:82,1
DA:83,0
DA:84,0
DA:85,0
DA:87,0
DA:88,0
DA:93,0
DA:99,0
DA:100,0
DA:102,0
DA:103,0
DA:104,0
DA:105,0
DA:106,0
DA:108,0
DA:111,0
DA:117,0
DA:118,0
DA:122,0
DA:123,0
DA:126,0
DA:128,0
DA:129,0
DA:133,0
DA:134,0
DA:141,1
DA:142,1
DA:143,1
DA:144,1
DA:146,1
DA:147,0
DA:150,1
DA:151,1
DA:154,1
DA:156,0
DA:162,1
DA:163,0
DA:165,0
DA:166,0
DA:167,0
DA:169,0
DA:171,0
LF:73
LH:26
BRDA:13,0,0,0
BRDA:13,0,1,1
BRDA:26,1,0,0
BRDA:26,1,1,0
BRDA:28,2,0,0
BRDA:28,2,1,0
BRDA:70,3,0,0
BRDA:70,3,1,0
BRDA:87,4,0,0
BRDA:87,4,1,0
BRDA:99,5,0,0
BRDA:99,5,1,0
BRDA:106,6,0,0
BRDA:106,6,1,0
BRDA:108,7,0,0
BRDA:108,7,1,0
BRDA:117,8,0,0
BRDA:117,8,1,0
BRDA:117,9,0,0
BRDA:117,9,1,0
BRDA:123,10,0,0
BRDA:123,10,1,0
BRDA:146,11,0,0
BRDA:146,11,1,1
BRDA:150,12,0,1
BRDA:150,12,1,0
BRDA:150,13,0,1
BRDA:150,13,1,1
BRDA:166,14,0,0
BRDA:166,14,1,0
BRF:30
BRH:5
end_of_record
TN:
SF:src/controllers/haircut-controller.js
FN:11,(anonymous_0)
FN:26,(anonymous_1)
FN:55,(anonymous_2)
FN:67,(anonymous_3)
FN:82,(anonymous_4)
FN:107,(anonymous_5)
FN:124,(anonymous_6)
FN:142,(anonymous_7)
FN:163,(anonymous_8)
FNF:9
FNH:6
FNDA:2,(anonymous_0)
FNDA:0,(anonymous_1)
FNDA:1,(anonymous_2)
FNDA:2,(anonymous_3)
FNDA:2,(anonymous_4)
FNDA:0,(anonymous_5)
FNDA:9,(anonymous_6)
FNDA:2,(anonymous_7)
FNDA:0,(anonymous_8)
DA:2,1
DA:7,1
DA:8,1
DA:11,1
DA:12,2
DA:13,2
DA:14,1
DA:19,1
DA:22,1
DA:23,1
DA:24,1
DA:25,1
DA:26,0
DA:28,1
DA:31,1
DA:44,1
DA:45,1
DA:47,0
DA:48,0
DA:55,1
DA:56,1
DA:57,1
DA:58,1
DA:60,0
DA:67,1
DA:68,2
DA:69,2
DA:70,2
DA:71,1
DA:73,1
DA:75,0
DA:82,1
DA:83,2
DA:84,2
DA:85,2
DA:87,2
DA:88,0
DA:93,2
DA:100,2
DA:101,1
DA:103,1
DA:104,1
DA:105,1
DA:106,1
DA:107,0
DA:109,1
DA:112,1
DA:118,1
DA:119,1
DA:123,2
DA:124,9
DA:127,2
DA:129,2
DA:130,2
DA:134,0
DA:135,0
DA:142,1
DA:143,2
DA:144,2
DA:145,2
DA:147,2
DA:148,1
DA:151,1
DA:152,1
DA:155,1
DA:157,0
DA:163,1
DA:164,0
DA:165,0
DA:166,0
DA:167,0
DA:169,0
DA:171,0
LF:73
LH:57
BRDA:13,0,0,1
BRDA:13,0,1,1
BRDA:26,1,0,0
BRDA:26,1,1,0
BRDA:28,2,0,0
BRDA:28,2,1,1
BRDA:70,3,0,1
BRDA:70,3,1,1
BRDA:87,4,0,0
BRDA:87,4,1,2
BRDA:100,5,0,1
BRDA:100,5,1,1
BRDA:107,6,0,0
BRDA:107,6,1,0
BRDA:109,7,0,0
BRDA:109,7,1,1
BRDA:118,8,0,1
BRDA:118,8,1,0
BRDA:118,9,0,1
BRDA:118,9,1,1
BRDA:124,10,0,9
BRDA:124,10,1,7
BRDA:147,11,0,1
BRDA:147,11,1,1
BRDA:151,12,0,1
BRDA:151,12,1,0
BRDA:151,13,0,1
BRDA:151,13,1,1
BRDA:166,14,0,0
BRDA:166,14,1,0
BRF:30
BRH:19
end_of_record
TN:
SF:src/controllers/machine-heights-controller.js
FN:11,(anonymous_0)
FN:26,(anonymous_1)
FN:55,(anonymous_2)
FN:67,(anonymous_3)
FN:82,(anonymous_4)
FN:106,(anonymous_5)
FN:123,(anonymous_6)
FN:141,(anonymous_7)
FN:162,(anonymous_8)
FNF:9
FNH:2
FNDA:1,(anonymous_0)
FNDA:0,(anonymous_1)
FNDA:0,(anonymous_2)
FNDA:0,(anonymous_3)
FNDA:0,(anonymous_4)
FNDA:0,(anonymous_5)
FNDA:0,(anonymous_6)
FNDA:1,(anonymous_7)
FNDA:0,(anonymous_8)
DA:2,1
DA:7,1
DA:8,1
DA:11,1
DA:12,1
DA:13,1
DA:14,0
DA:19,1
DA:22,1
DA:23,1
DA:24,1
DA:25,1
DA:26,0
DA:28,0
DA:31,1
DA:44,1
DA:45,1
DA:47,0
DA:48,0
DA:55,1
DA:56,0
DA:57,0
DA:58,0
DA:60,0
DA:67,1
DA:68,0
DA:69,0
DA:70,0
DA:71,0
DA:73,0
DA:75,0
DA:82,1
DA:83,0
DA:84,0
DA:85,0
DA:87,0
DA:88,0
DA:93,0
DA:99,0
DA:100,0
DA:102,0
DA:103,0
DA:104,0
DA:105,0
DA:106,0
DA:108,0
DA:111,0
DA:117,0
DA:118,0
DA:122,0
DA:123,0
DA:126,0
DA:128,0
DA:129,0
DA:133,0
DA:134,0
DA:141,1
DA:142,1
DA:143,1
DA:144,1
DA:146,1
DA:147,0
DA:150,1
DA:151,1
DA:154,1
DA:156,0
DA:162,1
DA:163,0
DA:165,0
DA:166,0
DA:167,0
DA:169,0
DA:171,0
LF:73
LH:26
BRDA:13,0,0,0
BRDA:13,0,1,1
BRDA:26,1,0,0
BRDA:26,1,1,0
BRDA:28,2,0,0
BRDA:28,2,1,0
BRDA:70,3,0,0
BRDA:70,3,1,0
BRDA:87,4,0,0
BRDA:87,4,1,0
BRDA:99,5,0,0
BRDA:99,5,1,0
BRDA:106,6,0,0
BRDA:106,6,1,0
BRDA:108,7,0,0
BRDA:108,7,1,0
BRDA:117,8,0,0
BRDA:117,8,1,0
BRDA:117,9,0,0
BRDA:117,9,1,0
BRDA:123,10,0,0
BRDA:123,10,1,0
BRDA:146,11,0,0
BRDA:146,11,1,1
BRDA:150,12,0,1
BRDA:150,12,1,0
BRDA:150,13,0,1
BRDA:150,13,1,1
BRDA:166,14,0,0
BRDA:166,14,1,0
BRF:30
BRH:5
end_of_record
TN:
SF:src/controllers/scissor-heights-controller.js
FN:11,(anonymous_0)
FN:26,(anonymous_1)
FN:55,(anonymous_2)
FN:67,(anonymous_3)
FN:82,(anonymous_4)
FN:106,(anonymous_5)
FN:123,(anonymous_6)
FN:141,(anonymous_7)
FN:162,(anonymous_8)
FNF:9
FNH:2
FNDA:1,(anonymous_0)
FNDA:0,(anonymous_1)
FNDA:0,(anonymous_2)
FNDA:0,(anonymous_3)
FNDA:0,(anonymous_4)
FNDA:0,(anonymous_5)
FNDA:0,(anonymous_6)
FNDA:1,(anonymous_7)
FNDA:0,(anonymous_8)
DA:2,1
DA:7,1
DA:8,1
DA:11,1
DA:12,1
DA:13,1
DA:14,0
DA:19,1
DA:22,1
DA:23,1
DA:24,1
DA:25,1
DA:26,0
DA:28,0
DA:31,1
DA:44,1
DA:45,1
DA:47,0
DA:48,0
DA:55,1
DA:56,0
DA:57,0
DA:58,0
DA:60,0
DA:67,1
DA:68,0
DA:69,0
DA:70,0
DA:71,0
DA:73,0
DA:75,0
DA:82,1
DA:83,0
DA:84,0
DA:85,0
DA:87,0
DA:88,0
DA:93,0
DA:99,0
DA:100,0
DA:102,0
DA:103,0
DA:104,0
DA:105,0
DA:106,0
DA:108,0
DA:111,0
DA:117,0
DA:118,0
DA:122,0
DA:123,0
DA:126,0
DA:128,0
DA:129,0
DA:133,0
DA:134,0
DA:141,1
DA:142,1
DA:143,1
DA:144,1
DA:146,1
DA:147,0
DA:150,1
DA:151,1
DA:154,1
DA:156,0
DA:162,1
DA:163,0
DA:165,0
DA:166,0
DA:167,0
DA:169,0
DA:171,0
LF:73
LH:26
BRDA:13,0,0,0
BRDA:13,0,1,1
BRDA:26,1,0,0
BRDA:26,1,1,0
BRDA:28,2,0,0
BRDA:28,2,1,0
BRDA:70,3,0,0
BRDA:70,3,1,0
BRDA:87,4,0,0
BRDA:87,4,1,0
BRDA:99,5,0,0
BRDA:99,5,1,0
BRDA:106,6,0,0
BRDA:106,6,1,0
BRDA:108,7,0,0
BRDA:108,7,1,0
BRDA:117,8,0,0
BRDA:117,8,1,0
BRDA:117,9,0,0
BRDA:117,9,1,0
BRDA:123,10,0,0
BRDA:123,10,1,0
BRDA:146,11,0,0
BRDA:146,11,1,1
BRDA:150,12,0,1
BRDA:150,12,1,0
BRDA:150,13,0,1
BRDA:150,13,1,1
BRDA:166,14,0,0
BRDA:166,14,1,0
BRF:30
BRH:5
end_of_record
TN:
SF:src/controllers/service-order-controller.js
FN:6,(anonymous_0)
FN:41,(anonymous_1)
FN:51,(anonymous_2)
FN:60,(anonymous_3)
FN:71,(anonymous_4)
FNF:5
FNH:2
FNDA:1,(anonymous_0)
FNDA:1,(anonymous_1)
FNDA:0,(anonymous_2)
FNDA:0,(anonymous_3)
FNDA:0,(anonymous_4)
DA:3,1
DA:4,1
DA:6,1
DA:7,1
DA:8,1
DA:13,1
DA:15,1
DA:16,0
DA:17,0
DA:20,1
DA:24,1
DA:26,1
DA:34,1
DA:36,0
DA:37,0
DA:41,1
DA:42,1
DA:43,1
DA:44,1
DA:45,1
DA:47,0
DA:51,1
DA:52,0
DA:53,0
DA:54,0
DA:56,0
DA:60,1
DA:61,0
DA:62,0
DA:63,0
DA:67,0
DA:71,1
DA:72,0
DA:73,0
DA:74,0
DA:76,0
LF:36
LH:19
BRDA:15,0,0,0
BRDA:15,0,1,1
BRDA:24,1,0,1
BRDA:24,1,1,0
BRDA:24,1,2,0
BRDA:43,2,0,1
BRDA:43,2,1,0
BRF:7
BRH:3
end_of_record
TN:
SF:src/controllers/side-styles-controller.js
FN:11,(anonymous_0)
FN:26,(anonymous_1)
FN:55,(anonymous_2)
FN:67,(anonymous_3)
FN:82,(anonymous_4)
FN:106,(anonymous_5)
FN:123,(anonymous_6)
FN:141,(anonymous_7)
FN:162,(anonymous_8)
FNF:9
FNH:2
FNDA:1,(anonymous_0)
FNDA:0,(anonymous_1)
FNDA:0,(anonymous_2)
FNDA:0,(anonymous_3)
FNDA:0,(anonymous_4)
FNDA:0,(anonymous_5)
FNDA:0,(anonymous_6)
FNDA:1,(anonymous_7)
FNDA:0,(anonymous_8)
DA:2,1
DA:7,1
DA:8,1
DA:11,1
DA:12,1
DA:13,1
DA:14,0
DA:19,1
DA:22,1
DA:23,1
DA:24,1
DA:25,1
DA:26,0
DA:28,0
DA:31,1
DA:44,1
DA:45,1
DA:47,0
DA:48,0
DA:55,1
DA:56,0
DA:57,0
DA:58,0
DA:60,0
DA:67,1
DA:68,0
DA:69,0
DA:70,0
DA:71,0
DA:73,0
DA:75,0
DA:82,1
DA:83,0
DA:84,0
DA:85,0
DA:87,0
DA:88,0
DA:93,0
DA:99,0
DA:100,0
DA:102,0
DA:103,0
DA:104,0
DA:105,0
DA:106,0
DA:108,0
DA:111,0
DA:117,0
DA:118,0
DA:122,0
DA:123,0
DA:126,0
DA:128,0
DA:129,0
DA:133,0
DA:134,0
DA:141,1
DA:142,1
DA:143,1
DA:144,1
DA:146,1
DA:147,0
DA:150,1
DA:151,1
DA:154,1
DA:156,0
DA:162,1
DA:163,0
DA:165,0
DA:166,0
DA:167,0
DA:169,0
DA:171,0
LF:73
LH:26
BRDA:13,0,0,0
BRDA:13,0,1,1
BRDA:26,1,0,0
BRDA:26,1,1,0
BRDA:28,2,0,0
BRDA:28,2,1,0
BRDA:70,3,0,0
BRDA:70,3,1,0
BRDA:87,4,0,0
BRDA:87,4,1,0
BRDA:99,5,0,0
BRDA:99,5,1,0
BRDA:106,6,0,0
BRDA:106,6,1,0
BRDA:108,7,0,0
BRDA:108,7,1,0
BRDA:117,8,0,0
BRDA:117,8,1,0
BRDA:117,9,0,0
BRDA:117,9,1,0
BRDA:123,10,0,0
BRDA:123,10,1,0
BRDA:146,11,0,0
BRDA:146,11,1,1
BRDA:150,12,0,1
BRDA:150,12,1,0
BRDA:150,13,0,1
BRDA:150,13,1,1
BRDA:166,14,0,0
BRDA:166,14,1,0
BRF:30
BRH:5
end_of_record
TN:
SF:src/controllers/user-controller.js
FN:9,(anonymous_0)
FN:20,(anonymous_1)
FN:31,(anonymous_2)
FN:102,(anonymous_3)
FN:155,(anonymous_4)
FN:192,(anonymous_5)
FN:230,(anonymous_6)
FN:241,(anonymous_7)
FNF:8
FNH:3
FNDA:0,(anonymous_0)
FNDA:0,(anonymous_1)
FNDA:1,(anonymous_2)
FNDA:0,(anonymous_3)
FNDA:0,(anonymous_4)
FNDA:1,(anonymous_5)
FNDA:7,(anonymous_6)
FNDA:0,(anonymous_7)
DA:3,1
DA:4,1
DA:5,1
DA:6,1
DA:7,1
DA:9,1
DA:10,0
DA:11,0
DA:12,0
DA:14,0
DA:20,1
DA:21,0
DA:22,0
DA:23,0
DA:25,0
DA:31,1
DA:32,1
DA:33,1
DA:38,1
DA:39,1
DA:45,1
DA:46,0
DA:47,0
DA:50,1
DA:51,1
DA:52,1
DA:53,0
DA:54,0
DA:58,1
DA:59,1
DA:60,1
DA:61,1
DA:64,1
DA:65,1
DA:67,1
DA:79,1
DA:80,1
DA:85,1
DA:95,0
DA:96,0
DA:102,1
DA:103,0
DA:104,0
DA:105,0
DA:110,0
DA:113,0
DA:114,0
DA:115,0
DA:118,0
DA:119,0
DA:124,0
DA:125,0
DA:128,0
DA:131,0
DA:138,0
DA:149,0
DA:155,1
DA:156,0
DA:158,0
DA:159,0
DA:161,0
DA:163,0
DA:164,0
DA:167,0
DA:170,0
DA:177,0
DA:185,0
DA:192,1
DA:193,1
DA:194,1
DA:195,1
DA:197,1
DA:198,0
DA:201,1
DA:212,1
DA:213,0
DA:214,0
DA:218,1
DA:219,1
DA:220,1
DA:223,1
DA:224,1
DA:229,1
DA:230,7
DA:233,1
DA:234,1
DA:236,0
DA:237,0
DA:241,1
DA:242,0
DA:243,0
DA:244,0
DA:248,0
LF:93
LH:45
BRDA:45,0,0,0
BRDA:45,0,1,1
BRDA:52,1,0,0
BRDA:52,1,1,1
BRDA:59,2,0,1
BRDA:59,2,1,0
BRDA:75,3,0,0
BRDA:75,3,1,1
BRDA:113,4,0,0
BRDA:113,4,1,0
BRDA:124,5,0,0
BRDA:124,5,1,0
BRDA:158,6,0,0
BRDA:158,6,1,0
BRDA:158,6,2,0
BRDA:163,7,0,0
BRDA:163,7,1,0
BRDA:197,8,0,0
BRDA:197,8,1,1
BRDA:207,9,0,0
BRDA:207,9,1,1
BRDA:212,10,0,0
BRDA:212,10,1,1
BRDA:218,11,0,1
BRDA:218,11,1,0
BRDA:223,12,0,1
BRDA:223,12,1,0
BRDA:223,13,0,1
BRDA:223,13,1,1
BRDA:230,14,0,7
BRDA:230,14,1,5
BRF:31
BRH:13
end_of_record
